<!DOCTYPE html PUBLIC "-//W3C//DTD XHTML 1.1//EN" "https://www.w3.org/TR/xhtml11/DTD/xhtml11.dtd">
<html xmlns="https://www.w3.org/1999/xhtml">
<head>
<meta http-equiv="content-type" content="text/html; charset=UTF-8"/>
<title>TestNG Report</title>
<style type="text/css">table {margin-bottom:10px;border-collapse:collapse;empty-cells:show}th,td {border:1px solid #009;padding:.25em .5em}th {vertical-align:bottom}td {vertical-align:top}table a {font-weight:bold}.stripe td {background-color: #E6EBF9}.num {text-align:right}.passedodd td {background-color: #3F3}.passedeven td {background-color: #0A0}.skippedodd td {background-color: #DDD}.skippedeven td {background-color: #CCC}.failedodd td,.attn {background-color: #F33}.failedeven td,.stripe .attn {background-color: #D00}.stacktrace {white-space:pre;font-family:monospace}.totop {font-size:85%;text-align:center;border-bottom:2px solid #000}.invisible {display:none}</style>
</head>
<body>
<table>
<tr><th>Test</th><th># Passed</th><th># Skipped</th><th># Retried</th><th># Failed</th><th>Time (ms)</th><th>Included Groups</th><th>Excluded Groups</th></tr>
<tr><th colspan="8">Billing Day Test Suite</th></tr>
<tr><td><a href="#t0">Billing Semi Monthly</a></td><td class="num">0</td><td class="num attn">27</td><td class="num">0</td><td class="num">0</td><td class="num">44</td><td></td><td></td></tr>
</table>
<table id='summary'><thead><tr><th>Class</th><th>Method</th><th>Start</th><th>Time (ms)</th></tr></thead><tbody><tr><th colspan="4">Billing Day Test Suite</th></tr></tbody><tbody id="t0"><tr><th colspan="4">Billing Semi Monthly &#8212; failed (configuration methods)</th></tr><tr class="failedeven"><td rowspan="1">AutomationTesting.BillingTestSuite16th</td><td><a href="#m0">setUp</a></td><td rowspan="1">1737017232848</td><td rowspan="1">8</td></tr><tr><th colspan="4">Billing Semi Monthly &#8212; skipped (configuration methods)</th></tr><tr class="skippedeven"><td rowspan="1">AutomationTesting.BillingTestSuite16th</td><td><a href="#m1">tearDown</a></td><td rowspan="1">1737017232889</td><td rowspan="1">-1737017232889</td></tr><tr><th colspan="4">Billing Semi Monthly &#8212; skipped</th></tr><tr class="skippedeven"><td rowspan="27">AutomationTesting.BillingTestSuite16th</td><td><a href="#m2">AR01</a></td><td rowspan="1">1737017232885</td><td rowspan="1">0</td></tr><tr class="skippedeven"><td><a href="#m3">AR02</a></td><td rowspan="1">1737017232885</td><td rowspan="1">0</td></tr><tr class="skippedeven"><td><a href="#m4">AR03</a></td><td rowspan="1">1737017232885</td><td rowspan="1">0</td></tr><tr class="skippedeven"><td><a href="#m5">BIL01</a></td><td rowspan="1">1737017232883</td><td rowspan="1">0</td></tr><tr class="skippedeven"><td><a href="#m6">BIL02</a></td><td rowspan="1">1737017232884</td><td rowspan="1">0</td></tr><tr class="skippedeven"><td><a href="#m7">BIL03</a></td><td rowspan="1">1737017232884</td><td rowspan="1">0</td></tr><tr class="skippedeven"><td><a href="#m8">BIL04</a></td><td rowspan="1">1737017232884</td><td rowspan="1">0</td></tr><tr class="skippedeven"><td><a href="#m9">COL01</a></td><td rowspan="1">1737017232884</td><td rowspan="1">0</td></tr><tr class="skippedeven"><td><a href="#m10">COL02</a></td><td rowspan="1">1737017232885</td><td rowspan="1">0</td></tr><tr class="skippedeven"><td><a href="#m11">COL03</a></td><td rowspan="1">1737017232885</td><td rowspan="1">0</td></tr><tr class="skippedeven"><td><a href="#m12">LI01</a></td><td rowspan="1">1737017232881</td><td rowspan="1">0</td></tr><tr class="skippedeven"><td><a href="#m13">LI02</a></td><td rowspan="1">1737017232883</td><td rowspan="1">0</td></tr><tr class="skippedeven"><td><a href="#m14">SOA01</a></td><td rowspan="1">1737017232886</td><td rowspan="1">0</td></tr><tr class="skippedeven"><td><a href="#m15">SOA02</a></td><td rowspan="1">1737017232886</td><td rowspan="1">0</td></tr><tr class="skippedeven"><td><a href="#m16">SOA10</a></td><td rowspan="1">1737017232887</td><td rowspan="1">0</td></tr><tr class="skippedeven"><td><a href="#m17">SOA11</a></td><td rowspan="1">1737017232887</td><td rowspan="1">0</td></tr><tr class="skippedeven"><td><a href="#m18">SOA12</a></td><td rowspan="1">1737017232888</td><td rowspan="1">0</td></tr><tr class="skippedeven"><td><a href="#m19">SOA13</a></td><td rowspan="1">1737017232888</td><td rowspan="1">0</td></tr><tr class="skippedeven"><td><a href="#m20">SOA14</a></td><td rowspan="1">1737017232888</td><td rowspan="1">0</td></tr><tr class="skippedeven"><td><a href="#m21">SOA15</a></td><td rowspan="1">1737017232888</td><td rowspan="1">0</td></tr><tr class="skippedeven"><td><a href="#m22">SOA3</a></td><td rowspan="1">1737017232886</td><td rowspan="1">0</td></tr><tr class="skippedeven"><td><a href="#m23">SOA4</a></td><td rowspan="1">1737017232886</td><td rowspan="1">0</td></tr><tr class="skippedeven"><td><a href="#m24">SOA5</a></td><td rowspan="1">1737017232886</td><td rowspan="1">0</td></tr><tr class="skippedeven"><td><a href="#m25">SOA6</a></td><td rowspan="1">1737017232887</td><td rowspan="1">0</td></tr><tr class="skippedeven"><td><a href="#m26">SOA7</a></td><td rowspan="1">1737017232887</td><td rowspan="1">0</td></tr><tr class="skippedeven"><td><a href="#m27">SOA8</a></td><td rowspan="1">1737017232887</td><td rowspan="1">0</td></tr><tr class="skippedeven"><td><a href="#m28">SOA9</a></td><td rowspan="1">1737017232887</td><td rowspan="1">0</td></tr></tbody>
</table>
<h2>Billing Semi Monthly</h2><h3 id="m0">AutomationTesting.BillingTestSuite16th#setUp</h3><table class="result"><tr><th>Exception</th></tr><tr><td><div class="stacktrace">java.lang.NoClassDefFoundError: org/openqa/selenium/WebDriver
	at AutomationTesting.SettingClass.setUp(SettingClass.java:13)
Caused by: java.lang.ClassNotFoundException: org.openqa.selenium.WebDriver
	at java.base/jdk.internal.loader.BuiltinClassLoader.loadClass(BuiltinClassLoader.java:641)
	at java.base/jdk.internal.loader.ClassLoaders$AppClassLoader.loadClass(ClassLoaders.java:188)
	at java.base/java.lang.ClassLoader.loadClass(ClassLoader.java:528)
	... 22 more
... Removed 21 stack frames</div></td></tr></table><p class="totop"><a href="#summary">back to summary</a></p>
<h3 id="m1">AutomationTesting.BillingTestSuite16th#tearDown</h3><table class="result"><tr><th class="invisible"/></tr></table><p class="totop"><a href="#summary">back to summary</a></p>
<h3 id="m2">AutomationTesting.BillingTestSuite16th#AR01</h3><table class="result"><tr class="param"><th>Parameter #1</th><th>Parameter #2</th></tr><tr class="param stripe"><td>Dec 31, 2024</td><td>H41021001</td></tr><tr><th colspan="2">Exception</th></tr><tr><td colspan="2"><div class="stacktrace">java.lang.NoClassDefFoundError: org/openqa/selenium/WebDriver
	at AutomationTesting.SettingClass.setUp(SettingClass.java:13)
Caused by: java.lang.ClassNotFoundException: org.openqa.selenium.WebDriver
	at java.base/jdk.internal.loader.BuiltinClassLoader.loadClass(BuiltinClassLoader.java:641)
	at java.base/jdk.internal.loader.ClassLoaders$AppClassLoader.loadClass(ClassLoaders.java:188)
	at java.base/java.lang.ClassLoader.loadClass(ClassLoader.java:528)
	... 22 more
... Removed 21 stack frames</div></td></tr></table><p class="totop"><a href="#summary">back to summary</a></p>
<h3 id="m3">AutomationTesting.BillingTestSuite16th#AR02</h3><table class="result"><tr class="param"><th>Parameter #1</th></tr><tr class="param stripe"><td>Dec 16, 2024 - Dec 31, 2024</td></tr><tr><th>Exception</th></tr><tr><td><div class="stacktrace">java.lang.NoClassDefFoundError: org/openqa/selenium/WebDriver
	at AutomationTesting.SettingClass.setUp(SettingClass.java:13)
Caused by: java.lang.ClassNotFoundException: org.openqa.selenium.WebDriver
	at java.base/jdk.internal.loader.BuiltinClassLoader.loadClass(BuiltinClassLoader.java:641)
	at java.base/jdk.internal.loader.ClassLoaders$AppClassLoader.loadClass(ClassLoaders.java:188)
	at java.base/java.lang.ClassLoader.loadClass(ClassLoader.java:528)
	... 22 more
... Removed 21 stack frames</div></td></tr></table><p class="totop"><a href="#summary">back to summary</a></p>
<h3 id="m4">AutomationTesting.BillingTestSuite16th#AR03</h3><table class="result"><tr><th>Exception</th></tr><tr><td><div class="stacktrace">java.lang.NoClassDefFoundError: org/openqa/selenium/WebDriver
	at AutomationTesting.SettingClass.setUp(SettingClass.java:13)
Caused by: java.lang.ClassNotFoundException: org.openqa.selenium.WebDriver
	at java.base/jdk.internal.loader.BuiltinClassLoader.loadClass(BuiltinClassLoader.java:641)
	at java.base/jdk.internal.loader.ClassLoaders$AppClassLoader.loadClass(ClassLoaders.java:188)
	at java.base/java.lang.ClassLoader.loadClass(ClassLoader.java:528)
	... 22 more
... Removed 21 stack frames</div></td></tr></table><p class="totop"><a href="#summary">back to summary</a></p>
<h3 id="m5">AutomationTesting.BillingTestSuite16th#BIL01</h3><table class="result"><tr class="param"><th>Parameter #1</th><th>Parameter #2</th></tr><tr class="param stripe"><td>Dec 16, 2024 - Dec 31, 2024</td><td>H41021001</td></tr><tr><th colspan="2">Exception</th></tr><tr><td colspan="2"><div class="stacktrace">java.lang.NoClassDefFoundError: org/openqa/selenium/WebDriver
	at AutomationTesting.SettingClass.setUp(SettingClass.java:13)
Caused by: java.lang.ClassNotFoundException: org.openqa.selenium.WebDriver
	at java.base/jdk.internal.loader.BuiltinClassLoader.loadClass(BuiltinClassLoader.java:641)
	at java.base/jdk.internal.loader.ClassLoaders$AppClassLoader.loadClass(ClassLoaders.java:188)
	at java.base/java.lang.ClassLoader.loadClass(ClassLoader.java:528)
	... 22 more
... Removed 21 stack frames</div></td></tr></table><p class="totop"><a href="#summary">back to summary</a></p>
<h3 id="m6">AutomationTesting.BillingTestSuite16th#BIL02</h3><table class="result"><tr class="param"><th>Parameter #1</th></tr><tr class="param stripe"><td>Jan 01, 2025</td></tr><tr><th>Exception</th></tr><tr><td><div class="stacktrace">java.lang.NoClassDefFoundError: org/openqa/selenium/WebDriver
	at AutomationTesting.SettingClass.setUp(SettingClass.java:13)
Caused by: java.lang.ClassNotFoundException: org.openqa.selenium.WebDriver
	at java.base/jdk.internal.loader.BuiltinClassLoader.loadClass(BuiltinClassLoader.java:641)
	at java.base/jdk.internal.loader.ClassLoaders$AppClassLoader.loadClass(ClassLoaders.java:188)
	at java.base/java.lang.ClassLoader.loadClass(ClassLoader.java:528)
	... 22 more
... Removed 21 stack frames</div></td></tr></table><p class="totop"><a href="#summary">back to summary</a></p>
<h3 id="m7">AutomationTesting.BillingTestSuite16th#BIL03</h3><table class="result"><tr><th>Exception</th></tr><tr><td><div class="stacktrace">java.lang.NoClassDefFoundError: org/openqa/selenium/WebDriver
	at AutomationTesting.SettingClass.setUp(SettingClass.java:13)
Caused by: java.lang.ClassNotFoundException: org.openqa.selenium.WebDriver
	at java.base/jdk.internal.loader.BuiltinClassLoader.loadClass(BuiltinClassLoader.java:641)
	at java.base/jdk.internal.loader.ClassLoaders$AppClassLoader.loadClass(ClassLoaders.java:188)
	at java.base/java.lang.ClassLoader.loadClass(ClassLoader.java:528)
	... 22 more
... Removed 21 stack frames</div></td></tr></table><p class="totop"><a href="#summary">back to summary</a></p>
<h3 id="m8">AutomationTesting.BillingTestSuite16th#BIL04</h3><table class="result"><tr class="param"><th>Parameter #1</th><th>Parameter #2</th></tr><tr class="param stripe"><td>Dec 16, 2024 - Dec 31, 2024</td><td>Dec 31, 2024</td></tr><tr><th colspan="2">Exception</th></tr><tr><td colspan="2"><div class="stacktrace">java.lang.NoClassDefFoundError: org/openqa/selenium/WebDriver
	at AutomationTesting.SettingClass.setUp(SettingClass.java:13)
Caused by: java.lang.ClassNotFoundException: org.openqa.selenium.WebDriver
	at java.base/jdk.internal.loader.BuiltinClassLoader.loadClass(BuiltinClassLoader.java:641)
	at java.base/jdk.internal.loader.ClassLoaders$AppClassLoader.loadClass(ClassLoaders.java:188)
	at java.base/java.lang.ClassLoader.loadClass(ClassLoader.java:528)
	... 22 more
... Removed 21 stack frames</div></td></tr></table><p class="totop"><a href="#summary">back to summary</a></p>
<h3 id="m9">AutomationTesting.BillingTestSuite16th#COL01</h3><table class="result"><tr class="param"><th>Parameter #1</th><th>Parameter #2</th><th>Parameter #3</th></tr><tr class="param stripe"><td>Dec 16, 2024 - Dec 31, 2024</td><td>H41021001</td><td>Dec 31, 2024</td></tr><tr><th colspan="3">Exception</th></tr><tr><td colspan="3"><div class="stacktrace">java.lang.NoClassDefFoundError: org/openqa/selenium/WebDriver
	at AutomationTesting.SettingClass.setUp(SettingClass.java:13)
Caused by: java.lang.ClassNotFoundException: org.openqa.selenium.WebDriver
	at java.base/jdk.internal.loader.BuiltinClassLoader.loadClass(BuiltinClassLoader.java:641)
	at java.base/jdk.internal.loader.ClassLoaders$AppClassLoader.loadClass(ClassLoaders.java:188)
	at java.base/java.lang.ClassLoader.loadClass(ClassLoader.java:528)
	... 22 more
... Removed 21 stack frames</div></td></tr></table><p class="totop"><a href="#summary">back to summary</a></p>
<h3 id="m10">AutomationTesting.BillingTestSuite16th#COL02</h3><table class="result"><tr class="param"><th>Parameter #1</th></tr><tr class="param stripe"><td>Dec 16, 2024 - Dec 31, 2024</td></tr><tr><th>Exception</th></tr><tr><td><div class="stacktrace">java.lang.NoClassDefFoundError: org/openqa/selenium/WebDriver
	at AutomationTesting.SettingClass.setUp(SettingClass.java:13)
Caused by: java.lang.ClassNotFoundException: org.openqa.selenium.WebDriver
	at java.base/jdk.internal.loader.BuiltinClassLoader.loadClass(BuiltinClassLoader.java:641)
	at java.base/jdk.internal.loader.ClassLoaders$AppClassLoader.loadClass(ClassLoaders.java:188)
	at java.base/java.lang.ClassLoader.loadClass(ClassLoader.java:528)
	... 22 more
... Removed 21 stack frames</div></td></tr></table><p class="totop"><a href="#summary">back to summary</a></p>
<h3 id="m11">AutomationTesting.BillingTestSuite16th#COL03</h3><table class="result"><tr><th>Exception</th></tr><tr><td><div class="stacktrace">java.lang.NoClassDefFoundError: org/openqa/selenium/WebDriver
	at AutomationTesting.SettingClass.setUp(SettingClass.java:13)
Caused by: java.lang.ClassNotFoundException: org.openqa.selenium.WebDriver
	at java.base/jdk.internal.loader.BuiltinClassLoader.loadClass(BuiltinClassLoader.java:641)
	at java.base/jdk.internal.loader.ClassLoaders$AppClassLoader.loadClass(ClassLoaders.java:188)
	at java.base/java.lang.ClassLoader.loadClass(ClassLoader.java:528)
	... 22 more
... Removed 21 stack frames</div></td></tr></table><p class="totop"><a href="#summary">back to summary</a></p>
<h3 id="m12">AutomationTesting.BillingTestSuite16th#LI01</h3><table class="result"><tr class="param"><th>Parameter #1</th></tr><tr class="param stripe"><td>https://manager.easyclaimsph.com</td></tr><tr><th>Exception</th></tr><tr><td><div class="stacktrace">java.lang.NoClassDefFoundError: org/openqa/selenium/WebDriver
	at AutomationTesting.SettingClass.setUp(SettingClass.java:13)
Caused by: java.lang.ClassNotFoundException: org.openqa.selenium.WebDriver
	at java.base/jdk.internal.loader.BuiltinClassLoader.loadClass(BuiltinClassLoader.java:641)
	at java.base/jdk.internal.loader.ClassLoaders$AppClassLoader.loadClass(ClassLoaders.java:188)
	at java.base/java.lang.ClassLoader.loadClass(ClassLoader.java:528)
	... 22 more
... Removed 21 stack frames</div></td></tr></table><p class="totop"><a href="#summary">back to summary</a></p>
<h3 id="m13">AutomationTesting.BillingTestSuite16th#LI02</h3><table class="result"><tr><th>Exception</th></tr><tr><td><div class="stacktrace">java.lang.NoClassDefFoundError: org/openqa/selenium/WebDriver
	at AutomationTesting.SettingClass.setUp(SettingClass.java:13)
Caused by: java.lang.ClassNotFoundException: org.openqa.selenium.WebDriver
	at java.base/jdk.internal.loader.BuiltinClassLoader.loadClass(BuiltinClassLoader.java:641)
	at java.base/jdk.internal.loader.ClassLoaders$AppClassLoader.loadClass(ClassLoaders.java:188)
	at java.base/java.lang.ClassLoader.loadClass(ClassLoader.java:528)
	... 22 more
... Removed 21 stack frames</div></td></tr></table><p class="totop"><a href="#summary">back to summary</a></p>
<h3 id="m14">AutomationTesting.BillingTestSuite16th#SOA01</h3><table class="result"><tr class="param"><th>Parameter #1</th><th>Parameter #2</th></tr><tr class="param stripe"><td>Dec 16, 2024 - Dec 31, 2024</td><td>H41021001</td></tr><tr><th colspan="2">Exception</th></tr><tr><td colspan="2"><div class="stacktrace">java.lang.NoClassDefFoundError: org/openqa/selenium/WebDriver
	at AutomationTesting.SettingClass.setUp(SettingClass.java:13)
Caused by: java.lang.ClassNotFoundException: org.openqa.selenium.WebDriver
	at java.base/jdk.internal.loader.BuiltinClassLoader.loadClass(BuiltinClassLoader.java:641)
	at java.base/jdk.internal.loader.ClassLoaders$AppClassLoader.loadClass(ClassLoaders.java:188)
	at java.base/java.lang.ClassLoader.loadClass(ClassLoader.java:528)
	... 22 more
... Removed 21 stack frames</div></td></tr></table><p class="totop"><a href="#summary">back to summary</a></p>
<h3 id="m15">AutomationTesting.BillingTestSuite16th#SOA02</h3><table class="result"><tr class="param"><th>Parameter #1</th></tr><tr class="param stripe"><td>Jan 01, 2025</td></tr><tr><th>Exception</th></tr><tr><td><div class="stacktrace">java.lang.NoClassDefFoundError: org/openqa/selenium/WebDriver
	at AutomationTesting.SettingClass.setUp(SettingClass.java:13)
Caused by: java.lang.ClassNotFoundException: org.openqa.selenium.WebDriver
	at java.base/jdk.internal.loader.BuiltinClassLoader.loadClass(BuiltinClassLoader.java:641)
	at java.base/jdk.internal.loader.ClassLoaders$AppClassLoader.loadClass(ClassLoaders.java:188)
	at java.base/java.lang.ClassLoader.loadClass(ClassLoader.java:528)
	... 22 more
... Removed 21 stack frames</div></td></tr></table><p class="totop"><a href="#summary">back to summary</a></p>
<h3 id="m16">AutomationTesting.BillingTestSuite16th#SOA10</h3><table class="result"><tr><th>Exception</th></tr><tr><td><div class="stacktrace">java.lang.NoClassDefFoundError: org/openqa/selenium/WebDriver
	at AutomationTesting.SettingClass.setUp(SettingClass.java:13)
Caused by: java.lang.ClassNotFoundException: org.openqa.selenium.WebDriver
	at java.base/jdk.internal.loader.BuiltinClassLoader.loadClass(BuiltinClassLoader.java:641)
	at java.base/jdk.internal.loader.ClassLoaders$AppClassLoader.loadClass(ClassLoaders.java:188)
	at java.base/java.lang.ClassLoader.loadClass(ClassLoader.java:528)
	... 22 more
... Removed 21 stack frames</div></td></tr></table><p class="totop"><a href="#summary">back to summary</a></p>
<h3 id="m17">AutomationTesting.BillingTestSuite16th#SOA11</h3><table class="result"><tr><th>Exception</th></tr><tr><td><div class="stacktrace">java.lang.NoClassDefFoundError: org/openqa/selenium/WebDriver
	at AutomationTesting.SettingClass.setUp(SettingClass.java:13)
Caused by: java.lang.ClassNotFoundException: org.openqa.selenium.WebDriver
	at java.base/jdk.internal.loader.BuiltinClassLoader.loadClass(BuiltinClassLoader.java:641)
	at java.base/jdk.internal.loader.ClassLoaders$AppClassLoader.loadClass(ClassLoaders.java:188)
	at java.base/java.lang.ClassLoader.loadClass(ClassLoader.java:528)
	... 22 more
... Removed 21 stack frames</div></td></tr></table><p class="totop"><a href="#summary">back to summary</a></p>
<h3 id="m18">AutomationTesting.BillingTestSuite16th#SOA12</h3><table class="result"><tr><th>Exception</th></tr><tr><td><div class="stacktrace">java.lang.NoClassDefFoundError: org/openqa/selenium/WebDriver
	at AutomationTesting.SettingClass.setUp(SettingClass.java:13)
Caused by: java.lang.ClassNotFoundException: org.openqa.selenium.WebDriver
	at java.base/jdk.internal.loader.BuiltinClassLoader.loadClass(BuiltinClassLoader.java:641)
	at java.base/jdk.internal.loader.ClassLoaders$AppClassLoader.loadClass(ClassLoaders.java:188)
	at java.base/java.lang.ClassLoader.loadClass(ClassLoader.java:528)
	... 22 more
... Removed 21 stack frames</div></td></tr></table><p class="totop"><a href="#summary">back to summary</a></p>
<h3 id="m19">AutomationTesting.BillingTestSuite16th#SOA13</h3><table class="result"><tr><th>Exception</th></tr><tr><td><div class="stacktrace">java.lang.NoClassDefFoundError: org/openqa/selenium/WebDriver
	at AutomationTesting.SettingClass.setUp(SettingClass.java:13)
Caused by: java.lang.ClassNotFoundException: org.openqa.selenium.WebDriver
	at java.base/jdk.internal.loader.BuiltinClassLoader.loadClass(BuiltinClassLoader.java:641)
	at java.base/jdk.internal.loader.ClassLoaders$AppClassLoader.loadClass(ClassLoaders.java:188)
	at java.base/java.lang.ClassLoader.loadClass(ClassLoader.java:528)
	... 22 more
... Removed 21 stack frames</div></td></tr></table><p class="totop"><a href="#summary">back to summary</a></p>
<h3 id="m20">AutomationTesting.BillingTestSuite16th#SOA14</h3><table class="result"><tr><th>Exception</th></tr><tr><td><div class="stacktrace">java.lang.NoClassDefFoundError: org/openqa/selenium/WebDriver
	at AutomationTesting.SettingClass.setUp(SettingClass.java:13)
Caused by: java.lang.ClassNotFoundException: org.openqa.selenium.WebDriver
	at java.base/jdk.internal.loader.BuiltinClassLoader.loadClass(BuiltinClassLoader.java:641)
	at java.base/jdk.internal.loader.ClassLoaders$AppClassLoader.loadClass(ClassLoaders.java:188)
	at java.base/java.lang.ClassLoader.loadClass(ClassLoader.java:528)
	... 22 more
... Removed 21 stack frames</div></td></tr></table><p class="totop"><a href="#summary">back to summary</a></p>
<h3 id="m21">AutomationTesting.BillingTestSuite16th#SOA15</h3><table class="result"><tr class="param"><th>Parameter #1</th><th>Parameter #2</th><th>Parameter #3</th><th>Parameter #4</th></tr><tr class="param stripe"><td>https://manager.easyclaimsph.com/SOA</td><td>H41021001</td><td>Dec 16, 2024 - Dec 31, 2024</td><td>Jan 01, 2025</td></tr><tr><th colspan="4">Exception</th></tr><tr><td colspan="4"><div class="stacktrace">java.lang.NoClassDefFoundError: org/openqa/selenium/WebDriver
	at AutomationTesting.SettingClass.setUp(SettingClass.java:13)
Caused by: java.lang.ClassNotFoundException: org.openqa.selenium.WebDriver
	at java.base/jdk.internal.loader.BuiltinClassLoader.loadClass(BuiltinClassLoader.java:641)
	at java.base/jdk.internal.loader.ClassLoaders$AppClassLoader.loadClass(ClassLoaders.java:188)
	at java.base/java.lang.ClassLoader.loadClass(ClassLoader.java:528)
	... 22 more
... Removed 21 stack frames</div></td></tr></table><p class="totop"><a href="#summary">back to summary</a></p>
<h3 id="m22">AutomationTesting.BillingTestSuite16th#SOA3</h3><table class="result"><tr><th>Exception</th></tr><tr><td><div class="stacktrace">java.lang.NoClassDefFoundError: org/openqa/selenium/WebDriver
	at AutomationTesting.SettingClass.setUp(SettingClass.java:13)
Caused by: java.lang.ClassNotFoundException: org.openqa.selenium.WebDriver
	at java.base/jdk.internal.loader.BuiltinClassLoader.loadClass(BuiltinClassLoader.java:641)
	at java.base/jdk.internal.loader.ClassLoaders$AppClassLoader.loadClass(ClassLoaders.java:188)
	at java.base/java.lang.ClassLoader.loadClass(ClassLoader.java:528)
	... 22 more
... Removed 21 stack frames</div></td></tr></table><p class="totop"><a href="#summary">back to summary</a></p>
<h3 id="m23">AutomationTesting.BillingTestSuite16th#SOA4</h3><table class="result"><tr class="param"><th>Parameter #1</th></tr><tr class="param stripe"><td>Dec 16, 2024 - Dec 31, 2024</td></tr><tr><th>Exception</th></tr><tr><td><div class="stacktrace">java.lang.NoClassDefFoundError: org/openqa/selenium/WebDriver
	at AutomationTesting.SettingClass.setUp(SettingClass.java:13)
Caused by: java.lang.ClassNotFoundException: org.openqa.selenium.WebDriver
	at java.base/jdk.internal.loader.BuiltinClassLoader.loadClass(BuiltinClassLoader.java:641)
	at java.base/jdk.internal.loader.ClassLoaders$AppClassLoader.loadClass(ClassLoaders.java:188)
	at java.base/java.lang.ClassLoader.loadClass(ClassLoader.java:528)
	... 22 more
... Removed 21 stack frames</div></td></tr></table><p class="totop"><a href="#summary">back to summary</a></p>
<h3 id="m24">AutomationTesting.BillingTestSuite16th#SOA5</h3><table class="result"><tr class="param"><th>Parameter #1</th></tr><tr class="param stripe"><td>Dec 16, 2024 - Dec 31, 2024</td></tr><tr><th>Exception</th></tr><tr><td><div class="stacktrace">java.lang.NoClassDefFoundError: org/openqa/selenium/WebDriver
	at AutomationTesting.SettingClass.setUp(SettingClass.java:13)
Caused by: java.lang.ClassNotFoundException: org.openqa.selenium.WebDriver
	at java.base/jdk.internal.loader.BuiltinClassLoader.loadClass(BuiltinClassLoader.java:641)
	at java.base/jdk.internal.loader.ClassLoaders$AppClassLoader.loadClass(ClassLoaders.java:188)
	at java.base/java.lang.ClassLoader.loadClass(ClassLoader.java:528)
	... 22 more
... Removed 21 stack frames</div></td></tr></table><p class="totop"><a href="#summary">back to summary</a></p>
<h3 id="m25">AutomationTesting.BillingTestSuite16th#SOA6</h3><table class="result"><tr><th>Exception</th></tr><tr><td><div class="stacktrace">java.lang.NoClassDefFoundError: org/openqa/selenium/WebDriver
	at AutomationTesting.SettingClass.setUp(SettingClass.java:13)
Caused by: java.lang.ClassNotFoundException: org.openqa.selenium.WebDriver
	at java.base/jdk.internal.loader.BuiltinClassLoader.loadClass(BuiltinClassLoader.java:641)
	at java.base/jdk.internal.loader.ClassLoaders$AppClassLoader.loadClass(ClassLoaders.java:188)
	at java.base/java.lang.ClassLoader.loadClass(ClassLoader.java:528)
	... 22 more
... Removed 21 stack frames</div></td></tr></table><p class="totop"><a href="#summary">back to summary</a></p>
<h3 id="m26">AutomationTesting.BillingTestSuite16th#SOA7</h3><table class="result"><tr><th>Exception</th></tr><tr><td><div class="stacktrace">java.lang.NoClassDefFoundError: org/openqa/selenium/WebDriver
	at AutomationTesting.SettingClass.setUp(SettingClass.java:13)
Caused by: java.lang.ClassNotFoundException: org.openqa.selenium.WebDriver
	at java.base/jdk.internal.loader.BuiltinClassLoader.loadClass(BuiltinClassLoader.java:641)
	at java.base/jdk.internal.loader.ClassLoaders$AppClassLoader.loadClass(ClassLoaders.java:188)
	at java.base/java.lang.ClassLoader.loadClass(ClassLoader.java:528)
	... 22 more
... Removed 21 stack frames</div></td></tr></table><p class="totop"><a href="#summary">back to summary</a></p>
<h3 id="m27">AutomationTesting.BillingTestSuite16th#SOA8</h3><table class="result"><tr><th>Exception</th></tr><tr><td><div class="stacktrace">java.lang.NoClassDefFoundError: org/openqa/selenium/WebDriver
	at AutomationTesting.SettingClass.setUp(SettingClass.java:13)
Caused by: java.lang.ClassNotFoundException: org.openqa.selenium.WebDriver
	at java.base/jdk.internal.loader.BuiltinClassLoader.loadClass(BuiltinClassLoader.java:641)
	at java.base/jdk.internal.loader.ClassLoaders$AppClassLoader.loadClass(ClassLoaders.java:188)
	at java.base/java.lang.ClassLoader.loadClass(ClassLoader.java:528)
	... 22 more
... Removed 21 stack frames</div></td></tr></table><p class="totop"><a href="#summary">back to summary</a></p>
<h3 id="m28">AutomationTesting.BillingTestSuite16th#SOA9</h3><table class="result"><tr><th>Exception</th></tr><tr><td><div class="stacktrace">java.lang.NoClassDefFoundError: org/openqa/selenium/WebDriver
	at AutomationTesting.SettingClass.setUp(SettingClass.java:13)
Caused by: java.lang.ClassNotFoundException: org.openqa.selenium.WebDriver
	at java.base/jdk.internal.loader.BuiltinClassLoader.loadClass(BuiltinClassLoader.java:641)
	at java.base/jdk.internal.loader.ClassLoaders$AppClassLoader.loadClass(ClassLoaders.java:188)
	at java.base/java.lang.ClassLoader.loadClass(ClassLoader.java:528)
	... 22 more
... Removed 21 stack frames</div></td></tr></table><p class="totop"><a href="#summary">back to summary</a></p>
</body>
</html>
