<?xml version="1.0" encoding="UTF-8"?>
<!-- Generated by org.testng.reporters.JUnitReportReporter -->
<testsuite hostname="ENIC-LDUERO" failures="0" tests="28" name="AutomationTesting.BillingTestSuite16th" time="0.008" errors="1" timestamp="2025-01-16T16:47:13 GMT+08:00" skipped="27">
  <testcase classname="AutomationTesting.BillingTestSuite16th" name="LI01" time="0.000">
    <skipped/>
  </testcase> <!-- LI01 -->
  <system-out/>
  <testcase classname="AutomationTesting.BillingTestSuite16th" name="setUp" time="0.008">
    <error message="org/openqa/selenium/WebDriver" type="java.lang.NoClassDefFoundError">
      <![CDATA[java.lang.NoClassDefFoundError: org/openqa/selenium/WebDriver
at AutomationTesting.SettingClass.setUp(SettingClass.java:13)
at java.base/jdk.internal.reflect.DirectMethodHandleAccessor.invoke(DirectMethodHandleAccessor.java:103)
at java.base/java.lang.reflect.Method.invoke(Method.java:580)
at org.testng.internal.MethodInvocationHelper.invokeMethod(MethodInvocationHelper.java:133)
at org.testng.internal.MethodInvocationHelper.invokeMethodConsideringTimeout(MethodInvocationHelper.java:62)
at org.testng.internal.ConfigInvoker.invokeConfigurationMethod(ConfigInvoker.java:385)
at org.testng.internal.ConfigInvoker.invokeConfigurations(ConfigInvoker.java:321)
at org.testng.TestRunner.invokeTestConfigurations(TestRunner.java:637)
at org.testng.TestRunner.beforeRun(TestRunner.java:627)
at org.testng.TestRunner.run(TestRunner.java:589)
at org.testng.SuiteRunner.runTest(SuiteRunner.java:377)
at org.testng.SuiteRunner.runSequentially(SuiteRunner.java:371)
at org.testng.SuiteRunner.privateRun(SuiteRunner.java:332)
at org.testng.SuiteRunner.run(SuiteRunner.java:276)
at org.testng.SuiteRunnerWorker.runSuite(SuiteRunnerWorker.java:53)
at org.testng.SuiteRunnerWorker.run(SuiteRunnerWorker.java:96)
at org.testng.TestNG.runSuitesSequentially(TestNG.java:1212)
at org.testng.TestNG.runSuitesLocally(TestNG.java:1134)
at org.testng.TestNG.runSuites(TestNG.java:1063)
at org.testng.TestNG.run(TestNG.java:1031)
at org.testng.TestNG.privateMain(TestNG.java:1365)
at org.testng.TestNG.main(TestNG.java:1329)
Caused by: java.lang.ClassNotFoundException: org.openqa.selenium.WebDriver
at java.base/jdk.internal.loader.BuiltinClassLoader.loadClass(BuiltinClassLoader.java:641)
at java.base/jdk.internal.loader.ClassLoaders$AppClassLoader.loadClass(ClassLoaders.java:188)
at java.base/java.lang.ClassLoader.loadClass(ClassLoader.java:528)
... 22 more
]]>
    </error>
  </testcase> <!-- setUp -->
  <system-out/>
  <testcase classname="AutomationTesting.BillingTestSuite16th" name="LI02" time="0.000">
    <skipped/>
  </testcase> <!-- LI02 -->
  <system-out/>
  <testcase classname="AutomationTesting.BillingTestSuite16th" name="BIL01" time="0.000">
    <skipped/>
  </testcase> <!-- BIL01 -->
  <system-out/>
  <testcase classname="AutomationTesting.BillingTestSuite16th" name="BIL02" time="0.000">
    <skipped/>
  </testcase> <!-- BIL02 -->
  <system-out/>
  <testcase classname="AutomationTesting.BillingTestSuite16th" name="BIL03" time="0.000">
    <skipped/>
  </testcase> <!-- BIL03 -->
  <system-out/>
  <testcase classname="AutomationTesting.BillingTestSuite16th" name="BIL04" time="0.000">
    <skipped/>
  </testcase> <!-- BIL04 -->
  <system-out/>
  <testcase classname="AutomationTesting.BillingTestSuite16th" name="COL01" time="0.000">
    <skipped/>
  </testcase> <!-- COL01 -->
  <system-out/>
  <testcase classname="AutomationTesting.BillingTestSuite16th" name="COL02" time="0.000">
    <skipped/>
  </testcase> <!-- COL02 -->
  <system-out/>
  <testcase classname="AutomationTesting.BillingTestSuite16th" name="COL03" time="0.000">
    <skipped/>
  </testcase> <!-- COL03 -->
  <system-out/>
  <testcase classname="AutomationTesting.BillingTestSuite16th" name="AR01" time="0.000">
    <skipped/>
  </testcase> <!-- AR01 -->
  <system-out/>
  <testcase classname="AutomationTesting.BillingTestSuite16th" name="AR03" time="0.000">
    <skipped/>
  </testcase> <!-- AR03 -->
  <system-out/>
  <testcase classname="AutomationTesting.BillingTestSuite16th" name="AR02" time="0.000">
    <skipped/>
  </testcase> <!-- AR02 -->
  <system-out/>
  <testcase classname="AutomationTesting.BillingTestSuite16th" name="SOA01" time="0.000">
    <skipped/>
  </testcase> <!-- SOA01 -->
  <system-out/>
  <testcase classname="AutomationTesting.BillingTestSuite16th" name="SOA02" time="0.000">
    <skipped/>
  </testcase> <!-- SOA02 -->
  <system-out/>
  <testcase classname="AutomationTesting.BillingTestSuite16th" name="SOA3" time="0.000">
    <skipped/>
  </testcase> <!-- SOA3 -->
  <system-out/>
  <testcase classname="AutomationTesting.BillingTestSuite16th" name="SOA4" time="0.000">
    <skipped/>
  </testcase> <!-- SOA4 -->
  <system-out/>
  <testcase classname="AutomationTesting.BillingTestSuite16th" name="SOA5" time="0.000">
    <skipped/>
  </testcase> <!-- SOA5 -->
  <system-out/>
  <testcase classname="AutomationTesting.BillingTestSuite16th" name="SOA6" time="0.000">
    <skipped/>
  </testcase> <!-- SOA6 -->
  <system-out/>
  <testcase classname="AutomationTesting.BillingTestSuite16th" name="SOA7" time="0.000">
    <skipped/>
  </testcase> <!-- SOA7 -->
  <system-out/>
  <testcase classname="AutomationTesting.BillingTestSuite16th" name="SOA8" time="0.000">
    <skipped/>
  </testcase> <!-- SOA8 -->
  <system-out/>
  <testcase classname="AutomationTesting.BillingTestSuite16th" name="SOA9" time="0.000">
    <skipped/>
  </testcase> <!-- SOA9 -->
  <system-out/>
  <testcase classname="AutomationTesting.BillingTestSuite16th" name="SOA10" time="0.000">
    <skipped/>
  </testcase> <!-- SOA10 -->
  <system-out/>
  <testcase classname="AutomationTesting.BillingTestSuite16th" name="SOA11" time="0.000">
    <skipped/>
  </testcase> <!-- SOA11 -->
  <system-out/>
  <testcase classname="AutomationTesting.BillingTestSuite16th" name="SOA12" time="0.000">
    <skipped/>
  </testcase> <!-- SOA12 -->
  <system-out/>
  <testcase classname="AutomationTesting.BillingTestSuite16th" name="SOA13" time="0.000">
    <skipped/>
  </testcase> <!-- SOA13 -->
  <system-out/>
  <testcase classname="AutomationTesting.BillingTestSuite16th" name="SOA14" time="0.000">
    <skipped/>
  </testcase> <!-- SOA14 -->
  <system-out/>
  <testcase classname="AutomationTesting.BillingTestSuite16th" name="SOA15" time="0.000">
    <skipped/>
  </testcase> <!-- SOA15 -->
  <system-out/>
</testsuite> <!-- AutomationTesting.BillingTestSuite16th -->
