<!DOCTYPE html PUBLIC "-//W3C//DTD XHTML 1.1//EN" "https://www.w3.org/TR/xhtml11/DTD/xhtml11.dtd">
<html xmlns="https://www.w3.org/1999/xhtml">
<head>
<meta http-equiv="content-type" content="text/html; charset=UTF-8"/>
<title>TestNG Report</title>
<style type="text/css">table {margin-bottom:10px;border-collapse:collapse;empty-cells:show}th,td {border:1px solid #009;padding:.25em .5em}th {vertical-align:bottom}td {vertical-align:top}table a {font-weight:bold}.stripe td {background-color: #E6EBF9}.num {text-align:right}.passedodd td {background-color: #3F3}.passedeven td {background-color: #0A0}.skippedodd td {background-color: #DDD}.skippedeven td {background-color: #CCC}.failedodd td,.attn {background-color: #F33}.failedeven td,.stripe .attn {background-color: #D00}.stacktrace {white-space:pre;font-family:monospace}.totop {font-size:85%;text-align:center;border-bottom:2px solid #000}.invisible {display:none}</style>
</head>
<body>
<table>
<tr><th>Test</th><th># Passed</th><th># Skipped</th><th># Retried</th><th># Failed</th><th>Time (ms)</th><th>Included Groups</th><th>Excluded Groups</th></tr>
<tr><th colspan="8">Billing Day Test Suite</th></tr>
<tr><td><a href="#t0">Billing Semi Monthly</a></td><td class="num">22</td><td class="num">0</td><td class="num">0</td><td class="num attn">2</td><td class="num">114,470</td><td></td><td></td></tr>
</table>
<table id='summary'><thead><tr><th>Class</th><th>Method</th><th>Start</th><th>Time (ms)</th></tr></thead><tbody><tr><th colspan="4">Billing Day Test Suite</th></tr></tbody><tbody id="t0"><tr><th colspan="4">Billing Semi Monthly &#8212; failed</th></tr><tr class="failedeven"><td rowspan="2">AutomationTesting.BillingTestSuite16th</td><td><a href="#m0">SOA01</a></td><td rowspan="1">1736929322176</td><td rowspan="1">9631</td></tr><tr class="failedeven"><td><a href="#m1">SOA12</a></td><td rowspan="1">1736929341221</td><td rowspan="1">1</td></tr><tr><th colspan="4">Billing Semi Monthly &#8212; passed</th></tr><tr class="passedeven"><td rowspan="22">AutomationTesting.BillingTestSuite16th</td><td><a href="#m2">AR01</a></td><td rowspan="1">1736929312406</td><td rowspan="1">9732</td></tr><tr class="passedeven"><td><a href="#m3">AR02</a></td><td rowspan="1">1736929322139</td><td rowspan="1">19</td></tr><tr class="passedeven"><td><a href="#m4">AR03</a></td><td rowspan="1">1736929322159</td><td rowspan="1">16</td></tr><tr class="passedeven"><td><a href="#m5">BIL01</a></td><td rowspan="1">1736929231370</td><td rowspan="1">24961</td></tr><tr class="passedeven"><td><a href="#m6">BIL02</a></td><td rowspan="1">1736929256332</td><td rowspan="1">21</td></tr><tr class="passedeven"><td><a href="#m7">BIL03</a></td><td rowspan="1">1736929256354</td><td rowspan="1">71</td></tr><tr class="passedeven"><td><a href="#m8">BIL04</a></td><td rowspan="1">1736929256427</td><td rowspan="1">54</td></tr><tr class="passedeven"><td><a href="#m9">COL01</a></td><td rowspan="1">1736929256482</td><td rowspan="1">42736</td></tr><tr class="passedeven"><td><a href="#m10">COL02</a></td><td rowspan="1">1736929299219</td><td rowspan="1">10114</td></tr><tr class="passedeven"><td><a href="#m11">COL03</a></td><td rowspan="1">1736929309334</td><td rowspan="1">3071</td></tr><tr class="passedeven"><td><a href="#m12">LI01</a></td><td rowspan="1">1736929228337</td><td rowspan="1">1462</td></tr><tr class="passedeven"><td><a href="#m13">LI02</a></td><td rowspan="1">1736929229803</td><td rowspan="1">1565</td></tr><tr class="passedeven"><td><a href="#m14">SOA02</a></td><td rowspan="1">1736929331810</td><td rowspan="1">18</td></tr><tr class="passedeven"><td><a href="#m15">SOA10</a></td><td rowspan="1">1736929341183</td><td rowspan="1">16</td></tr><tr class="passedeven"><td><a href="#m16">SOA11</a></td><td rowspan="1">1736929341200</td><td rowspan="1">20</td></tr><tr class="passedeven"><td><a href="#m17">SOA3</a></td><td rowspan="1">1736929331829</td><td rowspan="1">17</td></tr><tr class="passedeven"><td><a href="#m18">SOA4</a></td><td rowspan="1">1736929331847</td><td rowspan="1">9223</td></tr><tr class="passedeven"><td><a href="#m19">SOA5</a></td><td rowspan="1">1736929341071</td><td rowspan="1">19</td></tr><tr class="passedeven"><td><a href="#m20">SOA6</a></td><td rowspan="1">1736929341091</td><td rowspan="1">34</td></tr><tr class="passedeven"><td><a href="#m21">SOA7</a></td><td rowspan="1">1736929341126</td><td rowspan="1">18</td></tr><tr class="passedeven"><td><a href="#m22">SOA8</a></td><td rowspan="1">1736929341145</td><td rowspan="1">19</td></tr><tr class="passedeven"><td><a href="#m23">SOA9</a></td><td rowspan="1">1736929341165</td><td rowspan="1">17</td></tr></tbody>
</table>
<h2>Billing Semi Monthly</h2><h3 id="m0">AutomationTesting.BillingTestSuite16th#SOA01</h3><table class="result"><tr class="param"><th>Parameter #1</th></tr><tr class="param stripe"><td>Dec 16, 2024 - Dec 31, 2024</td></tr><tr><th>Messages</th></tr><tr><td><div class="messages">Start of Test ID (SOA01)<br/>Navigating to Statement of Account...<br/>Start of Statement of Account Validation...</div></td></tr><tr><th>Exception</th></tr><tr><td><div class="stacktrace">org.openqa.selenium.NoSuchElementException: no such element: Unable to locate element: {&quot;method&quot;:&quot;xpath&quot;,&quot;selector&quot;:&quot;//td[@data-field=&apos;TotalAmountDue&apos;][2]&quot;}
  (Session info: chrome=131.0.6778.265)
For documentation on this error, please visit: https://www.selenium.dev/documentation/webdriver/troubleshooting/errors#no-such-element-exception
Build info: version: &apos;4.27.0&apos;, revision: &apos;d6e718d&apos;
System info: os.name: &apos;Windows 10&apos;, os.arch: &apos;amd64&apos;, os.version: &apos;10.0&apos;, java.version: &apos;23.0.1&apos;
Driver info: org.openqa.selenium.chrome.ChromeDriver
Command: [0dc957aa945100a776d5cbaf29cd59bb, findElement {using=xpath, value=//td[@data-field=&apos;TotalAmountDue&apos;][2]}]
Capabilities {acceptInsecureCerts: false, browserName: chrome, browserVersion: 131.0.6778.265, chrome: {chromedriverVersion: 131.0.6778.264 (2d05e315153..., userDataDir: C:\Users\pfeniza\AppData\Lo...}, fedcm:accounts: true, goog:chromeOptions: {debuggerAddress: localhost:50418}, networkConnectionEnabled: false, pageLoadStrategy: normal, platformName: windows, proxy: Proxy(), se:cdp: ws://localhost:50418/devtoo..., se:cdpVersion: 131.0.6778.265, setWindowRect: true, strictFileInteractability: false, timeouts: {implicit: 0, pageLoad: 300000, script: 30000}, unhandledPromptBehavior: dismiss and notify, webauthn:extension:credBlob: true, webauthn:extension:largeBlob: true, webauthn:extension:minPinLength: true, webauthn:extension:prf: true, webauthn:virtualAuthenticators: true}
Session ID: 0dc957aa945100a776d5cbaf29cd59bb
	at org.openqa.selenium.remote.ErrorCodec.decode(ErrorCodec.java:167)
	at org.openqa.selenium.remote.codec.w3c.W3CHttpResponseCodec.decode(W3CHttpResponseCodec.java:138)
	at org.openqa.selenium.remote.codec.w3c.W3CHttpResponseCodec.decode(W3CHttpResponseCodec.java:50)
	at org.openqa.selenium.remote.HttpCommandExecutor.execute(HttpCommandExecutor.java:190)
	at org.openqa.selenium.remote.service.DriverCommandExecutor.invokeExecute(DriverCommandExecutor.java:216)
	at org.openqa.selenium.remote.service.DriverCommandExecutor.execute(DriverCommandExecutor.java:174)
	at org.openqa.selenium.remote.RemoteWebDriver.execute(RemoteWebDriver.java:545)
	at org.openqa.selenium.remote.ElementLocation$ElementFinder$2.findElement(ElementLocation.java:165)
	at org.openqa.selenium.remote.ElementLocation.findElement(ElementLocation.java:59)
	at org.openqa.selenium.remote.RemoteWebDriver.findElement(RemoteWebDriver.java:368)
	at org.openqa.selenium.remote.RemoteWebDriver.findElement(RemoteWebDriver.java:362)
	at AutomationTesting.BillingTestSuite16th.SOA01(BillingTestSuite16th.java:705)
	at java.base/java.util.ArrayList.forEach(ArrayList.java:1597)
... Removed 28 stack frames</div></td></tr></table><p class="totop"><a href="#summary">back to summary</a></p>
<h3 id="m1">AutomationTesting.BillingTestSuite16th#SOA12</h3><table class="result"><tr><th>Messages</th></tr><tr><td><div class="messages">Start of Test ID (SOA12)</div></td></tr><tr><th>Exception</th></tr><tr><td><div class="stacktrace">java.lang.NullPointerException: Cannot invoke &quot;String.replace(java.lang.CharSequence, java.lang.CharSequence)&quot; because &quot;this.amountDue&quot; is null
	at AutomationTesting.BillingTestSuite16th.SOA12(BillingTestSuite16th.java:1024)
	at java.base/java.util.ArrayList.forEach(ArrayList.java:1597)
... Removed 25 stack frames</div></td></tr></table><p class="totop"><a href="#summary">back to summary</a></p>
<h3 id="m2">AutomationTesting.BillingTestSuite16th#AR01</h3><table class="result"><tr class="param"><th>Parameter #1</th></tr><tr class="param stripe"><td>Dec 31, 2024</td></tr><tr><th>Messages</th></tr><tr><td><div class="messages">Start of Test ID (AR01)<br/>Navigating to Account Receivable Module...<br/>Start of Account Receivable Module Validation...<br/>Test ID (AR01) Passed <br/>Statement Date is correct which is: Dec 31, 2024</div></td></tr></table><p class="totop"><a href="#summary">back to summary</a></p>
<h3 id="m3">AutomationTesting.BillingTestSuite16th#AR02</h3><table class="result"><tr class="param"><th>Parameter #1</th></tr><tr class="param stripe"><td>Dec 16, 2024 - Dec 31, 2024</td></tr><tr><th>Messages</th></tr><tr><td><div class="messages">Start of Test ID (AR02)<br/>Test ID (AR02) Passed <br/>Billing Period is correct which is: Dec 16, 2024 - Dec 31, 2024</div></td></tr></table><p class="totop"><a href="#summary">back to summary</a></p>
<h3 id="m4">AutomationTesting.BillingTestSuite16th#AR03</h3><table class="result"><tr><th>Messages</th></tr><tr><td><div class="messages">Start of Test ID (AR03)<br/>Test ID (AR03) Passed <br/>Total Amount in Billing : Php 1,250.00<br/>Total Amount in Account Receivable: Php 1,250.00<br/>End of Account Receivable Validation Php 1,250.00</div></td></tr></table><p class="totop"><a href="#summary">back to summary</a></p>
<h3 id="m5">AutomationTesting.BillingTestSuite16th#BIL01</h3><table class="result"><tr class="param"><th>Parameter #1</th></tr><tr class="param stripe"><td>Dec 16, 2024 - Dec 31, 2024</td></tr><tr><th>Messages</th></tr><tr><td><div class="messages">Start of Billing Module Validation...<br/>Navigate to Billing Module...<br/>Kebab Icon successfully clicked<br/>Navigating to Hospital...<br/>Start of Test ID (BIL01)<br/>Test ID (BIL01) Passed <br/>Billing Period is Valid which is: Dec 16, 2024 - Dec 31, 2024</div></td></tr></table><p class="totop"><a href="#summary">back to summary</a></p>
<h3 id="m6">AutomationTesting.BillingTestSuite16th#BIL02</h3><table class="result"><tr class="param"><th>Parameter #1</th></tr><tr class="param stripe"><td>Jan 01, 2025</td></tr><tr><th>Messages</th></tr><tr><td><div class="messages">Start of Test ID (BIL02)<br/>Test ID (BIL02) Passed <br/>Billing Date is Valid which is: Jan 01, 2025</div></td></tr></table><p class="totop"><a href="#summary">back to summary</a></p>
<h3 id="m7">AutomationTesting.BillingTestSuite16th#BIL03</h3><table class="result"><tr><th>Messages</th></tr><tr><td><div class="messages">Start of Test ID (BIL03)<br/>Total Amount is: Php 1,250.00<br/>Test ID (BIL03) Passed </div></td></tr></table><p class="totop"><a href="#summary">back to summary</a></p>
<h3 id="m8">AutomationTesting.BillingTestSuite16th#BIL04</h3><table class="result"><tr class="param"><th>Parameter #1</th><th>Parameter #2</th></tr><tr class="param stripe"><td>Dec 16, 2024 - Dec 31, 2024</td><td>Dec 31, 2024</td></tr><tr><th colspan="2">Messages</th></tr><tr><td colspan="2"><div class="messages">Start of Test ID (BIL04)<br/>Test ID (BIL04) Passed <br/>Soa Date is Valid which is: Dec 31, 2024<br/>End of Billing Module Validation</div></td></tr></table><p class="totop"><a href="#summary">back to summary</a></p>
<h3 id="m9">AutomationTesting.BillingTestSuite16th#COL01</h3><table class="result"><tr class="param"><th>Parameter #1</th><th>Parameter #2</th></tr><tr class="param stripe"><td>Dec 16, 2024 - Dec 31, 2024</td><td>Dec 31, 2024</td></tr><tr><th colspan="2">Messages</th></tr><tr><td colspan="2"><div class="messages">Start of Test ID (COL01)<br/>Start of Collection Module Validation...<br/>Navigate to Collection Module...<br/>'Unlock' button found. Clicking to unlock...<br/>'Details' button found. Clicking to proceed...<br/>Successfully clicked 'Details' button. Proceeding to the new tab...<br/>Test ID (COL01) Passed <br/>Billing Period is Valid which is: Dec 16, 2024 - Dec 31, 2024<br/>Total Claims is Valid which is: 125<br/>Total Amount is Valid which is: PHP 1,250.00</div></td></tr></table><p class="totop"><a href="#summary">back to summary</a></p>
<h3 id="m10">AutomationTesting.BillingTestSuite16th#COL02</h3><table class="result"><tr class="param"><th>Parameter #1</th></tr><tr class="param stripe"><td>Dec 16, 2024 - Dec 31, 2024</td></tr><tr><th>Messages</th></tr><tr><td><div class="messages">Start of Test ID (COL02)<br/>Test ID (COL02) Passed <br/>Billing Period is Valid which is: DEC 16, 2024 - DEC 31, 2024</div></td></tr></table><p class="totop"><a href="#summary">back to summary</a></p>
<h3 id="m11">AutomationTesting.BillingTestSuite16th#COL03</h3><table class="result"><tr><th>Messages</th></tr><tr><td><div class="messages">Start of Test ID (COL03)<br/>Test ID (COL03) Passed <br/>Current Balance is correct which is: Php 1,250.00<br/>End of Collection Module Validation</div></td></tr></table><p class="totop"><a href="#summary">back to summary</a></p>
<h3 id="m12">AutomationTesting.BillingTestSuite16th#LI01</h3><table class="result"><tr class="param"><th>Parameter #1</th></tr><tr class="param stripe"><td>https://manager.easyclaimsph.com</td></tr><tr><th>Messages</th></tr><tr><td><div class="messages">Start of Login Validation...)<br/>Start of Test ID (LI01)<br/>Navigating to URL...<br/>All Elements are loaded!<br/>Test ID (LI01) Passed </div></td></tr></table><p class="totop"><a href="#summary">back to summary</a></p>
<h3 id="m13">AutomationTesting.BillingTestSuite16th#LI02</h3><table class="result"><tr><th>Messages</th></tr><tr><td><div class="messages">Start of Test ID (LI02)<br/>Inputting Valid Credential<br/>Test ID (LI02) Passed <br/>End of Login Validation!</div></td></tr></table><p class="totop"><a href="#summary">back to summary</a></p>
<h3 id="m14">AutomationTesting.BillingTestSuite16th#SOA02</h3><table class="result"><tr class="param"><th>Parameter #1</th></tr><tr class="param stripe"><td>Jan 01, 2025</td></tr><tr><th>Messages</th></tr><tr><td><div class="messages">Start of Test ID (SOA02)<br/>Test ID (SOA02) Passed <br/>Billing Date is correct which is: Jan 01, 2025</div></td></tr></table><p class="totop"><a href="#summary">back to summary</a></p>
<h3 id="m15">AutomationTesting.BillingTestSuite16th#SOA10</h3><table class="result"><tr><th>Messages</th></tr><tr><td><div class="messages">Start of Test ID (SOA10)<br/>Test ID (SOA10) Passed <br/>Vatable Sales: ₱ 1,116.07<br/>Value Added Tax: ₱ 133.93<br/>Current Amount Due: ₱ 1,250.00</div></td></tr></table><p class="totop"><a href="#summary">back to summary</a></p>
<h3 id="m16">AutomationTesting.BillingTestSuite16th#SOA11</h3><table class="result"><tr><th>Messages</th></tr><tr><td><div class="messages">Start of Test ID (SOA11)<br/>Test ID (SOA11) Passed </div></td></tr></table><p class="totop"><a href="#summary">back to summary</a></p>
<h3 id="m17">AutomationTesting.BillingTestSuite16th#SOA3</h3><table class="result"><tr><th>Messages</th></tr><tr><td><div class="messages">Start of Test ID (SOA03)<br/>Test ID (SOA03) Passed <br/>Total Claims is correct which is: 125</div></td></tr></table><p class="totop"><a href="#summary">back to summary</a></p>
<h3 id="m18">AutomationTesting.BillingTestSuite16th#SOA4</h3><table class="result"><tr class="param"><th>Parameter #1</th></tr><tr class="param stripe"><td>Dec 16, 2024 - Dec 31, 2024</td></tr><tr><th>Messages</th></tr><tr><td><div class="messages">Start of Test ID (SOA04)<br/>Successfully navigated to the report page.</div></td></tr></table><p class="totop"><a href="#summary">back to summary</a></p>
<h3 id="m19">AutomationTesting.BillingTestSuite16th#SOA5</h3><table class="result"><tr class="param"><th>Parameter #1</th></tr><tr class="param stripe"><td>Dec 16, 2024 - Dec 31, 2024</td></tr><tr><th>Messages</th></tr><tr><td><div class="messages">Start of Test ID (SOA05)<br/>Dec 16, 2024 - Dec 31, 2024<br/>Test ID (SOA05) Passed <br/>Billing Period is valid which is: Dec 16, 2024 - Dec 31, 2024</div></td></tr></table><p class="totop"><a href="#summary">back to summary</a></p>
<h3 id="m20">AutomationTesting.BillingTestSuite16th#SOA6</h3><table class="result"><tr><th>Messages</th></tr><tr><td><div class="messages">Start of Test ID (SOA06)<br/>Test ID (SOA06) Passed <br/>Total of Free trial claims: 0.0<br/>Total Claims without free trial: 125.0<br/>Total Claims that deducted free trial: 125</div></td></tr></table><p class="totop"><a href="#summary">back to summary</a></p>
<h3 id="m21">AutomationTesting.BillingTestSuite16th#SOA7</h3><table class="result"><tr><th>Messages</th></tr><tr><td><div class="messages">Start of Test ID (SOA07)<br/>Test ID (SOA07) Passed <br/>Total Claims: 125.00<br/>Service Fee: 10.00<br/>Total Claims * Service Fee: ₱ 1,250.00</div></td></tr></table><p class="totop"><a href="#summary">back to summary</a></p>
<h3 id="m22">AutomationTesting.BillingTestSuite16th#SOA8</h3><table class="result"><tr><th>Messages</th></tr><tr><td><div class="messages">Start of Test ID (SOA08)<br/>Test ID (SOA08) Passed <br/>Total Amount: 1250.0<br/>Total Amount / 1.12: ₱ 1,116.07</div></td></tr></table><p class="totop"><a href="#summary">back to summary</a></p>
<h3 id="m23">AutomationTesting.BillingTestSuite16th#SOA9</h3><table class="result"><tr><th>Messages</th></tr><tr><td><div class="messages">Start of Test ID (SOA09)<br/>Test ID (SOA09) Passed <br/>Vatable Sales: 1116.07<br/>Vatable Sales * 0.12: ₱ 133.93</div></td></tr></table><p class="totop"><a href="#summary">back to summary</a></p>
</body>
</html>
