<?xml version="1.0" encoding="UTF-8"?>
<testng-results ignored="0" total="24" passed="22" failed="2" skipped="0">
  <reporter-output>
    <line>
      <![CDATA[Start of Login Validation...)]]>
    </line>
    <line>
      <![CDATA[Start of Test ID (LI01)]]>
    </line>
    <line>
      <![CDATA[Navigating to URL...]]>
    </line>
    <line>
      <![CDATA[All Elements are loaded!]]>
    </line>
    <line>
      <![CDATA[Test ID (LI01) Passed ]]>
    </line>
    <line>
      <![CDATA[Start of Test ID (LI02)]]>
    </line>
    <line>
      <![CDATA[Inputting Valid Credential]]>
    </line>
    <line>
      <![CDATA[Test ID (LI02) Passed ]]>
    </line>
    <line>
      <![CDATA[End of Login Validation!]]>
    </line>
    <line>
      <![CDATA[Start of Billing Module Validation...]]>
    </line>
    <line>
      <![CDATA[Navigate to Billing Module...]]>
    </line>
    <line>
      <![CDATA[Kebab Icon successfully clicked]]>
    </line>
    <line>
      <![CDATA[Navigating to Hospital...]]>
    </line>
    <line>
      <![CDATA[Start of Test ID (BIL01)]]>
    </line>
    <line>
      <![CDATA[Test ID (BIL01) Passed ]]>
    </line>
    <line>
      <![CDATA[Billing Period is Valid which is: Dec 16, 2024 - Dec 31, 2024]]>
    </line>
    <line>
      <![CDATA[Start of Test ID (BIL02)]]>
    </line>
    <line>
      <![CDATA[Test ID (BIL02) Passed ]]>
    </line>
    <line>
      <![CDATA[Billing Date is Valid which is: Jan 01, 2025]]>
    </line>
    <line>
      <![CDATA[Start of Test ID (BIL03)]]>
    </line>
    <line>
      <![CDATA[Total Amount is: Php 1,250.00]]>
    </line>
    <line>
      <![CDATA[Test ID (BIL03) Passed ]]>
    </line>
    <line>
      <![CDATA[Start of Test ID (BIL04)]]>
    </line>
    <line>
      <![CDATA[Test ID (BIL04) Passed ]]>
    </line>
    <line>
      <![CDATA[Soa Date is Valid which is: Dec 31, 2024]]>
    </line>
    <line>
      <![CDATA[End of Billing Module Validation]]>
    </line>
    <line>
      <![CDATA[Start of Test ID (COL01)]]>
    </line>
    <line>
      <![CDATA[Start of Collection Module Validation...]]>
    </line>
    <line>
      <![CDATA[Navigate to Collection Module...]]>
    </line>
    <line>
      <![CDATA['Unlock' button found. Clicking to unlock...]]>
    </line>
    <line>
      <![CDATA['Details' button found. Clicking to proceed...]]>
    </line>
    <line>
      <![CDATA[Successfully clicked 'Details' button. Proceeding to the new tab...]]>
    </line>
    <line>
      <![CDATA[Test ID (COL01) Passed ]]>
    </line>
    <line>
      <![CDATA[Billing Period is Valid which is: Dec 16, 2024 - Dec 31, 2024]]>
    </line>
    <line>
      <![CDATA[Total Claims is Valid which is: 125]]>
    </line>
    <line>
      <![CDATA[Total Amount is Valid which is: PHP 1,250.00]]>
    </line>
    <line>
      <![CDATA[Start of Test ID (COL02)]]>
    </line>
    <line>
      <![CDATA[Test ID (COL02) Passed ]]>
    </line>
    <line>
      <![CDATA[Billing Period is Valid which is: DEC 16, 2024 - DEC 31, 2024]]>
    </line>
    <line>
      <![CDATA[Start of Test ID (COL03)]]>
    </line>
    <line>
      <![CDATA[Test ID (COL03) Passed ]]>
    </line>
    <line>
      <![CDATA[Current Balance is correct which is: Php 1,250.00]]>
    </line>
    <line>
      <![CDATA[End of Collection Module Validation]]>
    </line>
    <line>
      <![CDATA[Start of Test ID (AR01)]]>
    </line>
    <line>
      <![CDATA[Navigating to Account Receivable Module...]]>
    </line>
    <line>
      <![CDATA[Start of Account Receivable Module Validation...]]>
    </line>
    <line>
      <![CDATA[Test ID (AR01) Passed ]]>
    </line>
    <line>
      <![CDATA[Statement Date is correct which is: Dec 31, 2024]]>
    </line>
    <line>
      <![CDATA[Start of Test ID (AR02)]]>
    </line>
    <line>
      <![CDATA[Test ID (AR02) Passed ]]>
    </line>
    <line>
      <![CDATA[Billing Period is correct which is: Dec 16, 2024 - Dec 31, 2024]]>
    </line>
    <line>
      <![CDATA[Start of Test ID (AR03)]]>
    </line>
    <line>
      <![CDATA[Test ID (AR03) Passed ]]>
    </line>
    <line>
      <![CDATA[Total Amount in Billing : Php 1,250.00]]>
    </line>
    <line>
      <![CDATA[Total Amount in Account Receivable: Php 1,250.00]]>
    </line>
    <line>
      <![CDATA[End of Account Receivable Validation Php 1,250.00]]>
    </line>
    <line>
      <![CDATA[Start of Test ID (SOA01)]]>
    </line>
    <line>
      <![CDATA[Navigating to Statement of Account...]]>
    </line>
    <line>
      <![CDATA[Start of Statement of Account Validation...]]>
    </line>
    <line>
      <![CDATA[Start of Test ID (SOA02)]]>
    </line>
    <line>
      <![CDATA[Test ID (SOA02) Passed ]]>
    </line>
    <line>
      <![CDATA[Billing Date is correct which is: Jan 01, 2025]]>
    </line>
    <line>
      <![CDATA[Start of Test ID (SOA03)]]>
    </line>
    <line>
      <![CDATA[Test ID (SOA03) Passed ]]>
    </line>
    <line>
      <![CDATA[Total Claims is correct which is: 125]]>
    </line>
    <line>
      <![CDATA[Start of Test ID (SOA04)]]>
    </line>
    <line>
      <![CDATA[Successfully navigated to the report page.]]>
    </line>
    <line>
      <![CDATA[Start of Test ID (SOA05)]]>
    </line>
    <line>
      <![CDATA[Dec 16, 2024 - Dec 31, 2024]]>
    </line>
    <line>
      <![CDATA[Test ID (SOA05) Passed ]]>
    </line>
    <line>
      <![CDATA[Billing Period is valid which is: Dec 16, 2024 - Dec 31, 2024]]>
    </line>
    <line>
      <![CDATA[Start of Test ID (SOA06)]]>
    </line>
    <line>
      <![CDATA[Test ID (SOA06) Passed ]]>
    </line>
    <line>
      <![CDATA[Total of Free trial claims: 0.0]]>
    </line>
    <line>
      <![CDATA[Total Claims without free trial: 125.0]]>
    </line>
    <line>
      <![CDATA[Total Claims that deducted free trial: 125]]>
    </line>
    <line>
      <![CDATA[Start of Test ID (SOA07)]]>
    </line>
    <line>
      <![CDATA[Test ID (SOA07) Passed ]]>
    </line>
    <line>
      <![CDATA[Total Claims: 125.00]]>
    </line>
    <line>
      <![CDATA[Service Fee: 10.00]]>
    </line>
    <line>
      <![CDATA[Total Claims * Service Fee: ₱ 1,250.00]]>
    </line>
    <line>
      <![CDATA[Start of Test ID (SOA08)]]>
    </line>
    <line>
      <![CDATA[Test ID (SOA08) Passed ]]>
    </line>
    <line>
      <![CDATA[Total Amount: 1250.0]]>
    </line>
    <line>
      <![CDATA[Total Amount / 1.12: ₱ 1,116.07]]>
    </line>
    <line>
      <![CDATA[Start of Test ID (SOA09)]]>
    </line>
    <line>
      <![CDATA[Test ID (SOA09) Passed ]]>
    </line>
    <line>
      <![CDATA[Vatable Sales: 1116.07]]>
    </line>
    <line>
      <![CDATA[Vatable Sales * 0.12: ₱ 133.93]]>
    </line>
    <line>
      <![CDATA[Start of Test ID (SOA10)]]>
    </line>
    <line>
      <![CDATA[Test ID (SOA10) Passed ]]>
    </line>
    <line>
      <![CDATA[Vatable Sales: ₱ 1,116.07]]>
    </line>
    <line>
      <![CDATA[Value Added Tax: ₱ 133.93]]>
    </line>
    <line>
      <![CDATA[Current Amount Due: ₱ 1,250.00]]>
    </line>
    <line>
      <![CDATA[Start of Test ID (SOA11)]]>
    </line>
    <line>
      <![CDATA[Test ID (SOA11) Passed ]]>
    </line>
    <line>
      <![CDATA[Start of Test ID (SOA12)]]>
    </line>
  </reporter-output>
  <suite started-at="2025-01-15T16:20:26 GMT+08:00" name="Billing Day Test Suite" finished-at="2025-01-15T16:22:21 GMT+08:00" duration-ms="114470">
    <groups>
    </groups>
    <test started-at="2025-01-15T16:20:26 GMT+08:00" name="Billing Semi Monthly" finished-at="2025-01-15T16:22:21 GMT+08:00" duration-ms="114470">
      <class name="AutomationTesting.BillingTestSuite16th">
        <test-method is-config="true" signature="setUp()[pri:0, instance:AutomationTesting.BillingTestSuite16th@77888435]" started-at="2025-01-15T16:20:26 GMT+08:00" name="setUp" finished-at="2025-01-15T16:20:28 GMT+08:00" duration-ms="1361" status="PASS">
          <reporter-output>
          </reporter-output>
        </test-method> <!-- setUp -->
        <test-method signature="LI01(java.lang.String)[pri:0, instance:AutomationTesting.BillingTestSuite16th@77888435]" started-at="2025-01-15T16:20:28 GMT+08:00" name="LI01" finished-at="2025-01-15T16:20:29 GMT+08:00" duration-ms="1462" status="PASS">
          <params>
            <param index="0">
              <value>
                <![CDATA[https://manager.easyclaimsph.com]]>
              </value>
            </param>
          </params>
          <reporter-output>
            <line>
              <![CDATA[Start of Login Validation...)]]>
            </line>
            <line>
              <![CDATA[Start of Test ID (LI01)]]>
            </line>
            <line>
              <![CDATA[Navigating to URL...]]>
            </line>
            <line>
              <![CDATA[All Elements are loaded!]]>
            </line>
            <line>
              <![CDATA[Test ID (LI01) Passed ]]>
            </line>
          </reporter-output>
        </test-method> <!-- LI01 -->
        <test-method signature="LI02()[pri:1, instance:AutomationTesting.BillingTestSuite16th@77888435]" started-at="2025-01-15T16:20:29 GMT+08:00" name="LI02" finished-at="2025-01-15T16:20:31 GMT+08:00" duration-ms="1565" status="PASS">
          <reporter-output>
            <line>
              <![CDATA[Start of Test ID (LI02)]]>
            </line>
            <line>
              <![CDATA[Inputting Valid Credential]]>
            </line>
            <line>
              <![CDATA[Test ID (LI02) Passed ]]>
            </line>
            <line>
              <![CDATA[End of Login Validation!]]>
            </line>
          </reporter-output>
        </test-method> <!-- LI02 -->
        <test-method signature="BIL01(java.lang.String)[pri:2, instance:AutomationTesting.BillingTestSuite16th@77888435]" started-at="2025-01-15T16:20:31 GMT+08:00" name="BIL01" finished-at="2025-01-15T16:20:56 GMT+08:00" duration-ms="24961" status="PASS">
          <params>
            <param index="0">
              <value>
                <![CDATA[Dec 16, 2024 - Dec 31, 2024]]>
              </value>
            </param>
          </params>
          <reporter-output>
            <line>
              <![CDATA[Start of Billing Module Validation...]]>
            </line>
            <line>
              <![CDATA[Navigate to Billing Module...]]>
            </line>
            <line>
              <![CDATA[Kebab Icon successfully clicked]]>
            </line>
            <line>
              <![CDATA[Navigating to Hospital...]]>
            </line>
            <line>
              <![CDATA[Start of Test ID (BIL01)]]>
            </line>
            <line>
              <![CDATA[Test ID (BIL01) Passed ]]>
            </line>
            <line>
              <![CDATA[Billing Period is Valid which is: Dec 16, 2024 - Dec 31, 2024]]>
            </line>
          </reporter-output>
        </test-method> <!-- BIL01 -->
        <test-method signature="BIL02(java.lang.String)[pri:3, instance:AutomationTesting.BillingTestSuite16th@77888435]" started-at="2025-01-15T16:20:56 GMT+08:00" name="BIL02" finished-at="2025-01-15T16:20:56 GMT+08:00" duration-ms="21" status="PASS">
          <params>
            <param index="0">
              <value>
                <![CDATA[Jan 01, 2025]]>
              </value>
            </param>
          </params>
          <reporter-output>
            <line>
              <![CDATA[Start of Test ID (BIL02)]]>
            </line>
            <line>
              <![CDATA[Test ID (BIL02) Passed ]]>
            </line>
            <line>
              <![CDATA[Billing Date is Valid which is: Jan 01, 2025]]>
            </line>
          </reporter-output>
        </test-method> <!-- BIL02 -->
        <test-method signature="BIL03()[pri:4, instance:AutomationTesting.BillingTestSuite16th@77888435]" started-at="2025-01-15T16:20:56 GMT+08:00" name="BIL03" finished-at="2025-01-15T16:20:56 GMT+08:00" duration-ms="71" status="PASS">
          <reporter-output>
            <line>
              <![CDATA[Start of Test ID (BIL03)]]>
            </line>
            <line>
              <![CDATA[Total Amount is: Php 1,250.00]]>
            </line>
            <line>
              <![CDATA[Test ID (BIL03) Passed ]]>
            </line>
          </reporter-output>
        </test-method> <!-- BIL03 -->
        <test-method signature="BIL04(java.lang.String,java.lang.String)[pri:5, instance:AutomationTesting.BillingTestSuite16th@77888435]" started-at="2025-01-15T16:20:56 GMT+08:00" name="BIL04" finished-at="2025-01-15T16:20:56 GMT+08:00" duration-ms="54" status="PASS">
          <params>
            <param index="0">
              <value>
                <![CDATA[Dec 16, 2024 - Dec 31, 2024]]>
              </value>
            </param>
            <param index="1">
              <value>
                <![CDATA[Dec 31, 2024]]>
              </value>
            </param>
          </params>
          <reporter-output>
            <line>
              <![CDATA[Start of Test ID (BIL04)]]>
            </line>
            <line>
              <![CDATA[Test ID (BIL04) Passed ]]>
            </line>
            <line>
              <![CDATA[Soa Date is Valid which is: Dec 31, 2024]]>
            </line>
            <line>
              <![CDATA[End of Billing Module Validation]]>
            </line>
          </reporter-output>
        </test-method> <!-- BIL04 -->
        <test-method signature="COL01(java.lang.String,java.lang.String)[pri:6, instance:AutomationTesting.BillingTestSuite16th@77888435]" started-at="2025-01-15T16:20:56 GMT+08:00" name="COL01" finished-at="2025-01-15T16:21:39 GMT+08:00" duration-ms="42736" status="PASS">
          <params>
            <param index="0">
              <value>
                <![CDATA[Dec 16, 2024 - Dec 31, 2024]]>
              </value>
            </param>
            <param index="1">
              <value>
                <![CDATA[Dec 31, 2024]]>
              </value>
            </param>
          </params>
          <reporter-output>
            <line>
              <![CDATA[Start of Test ID (COL01)]]>
            </line>
            <line>
              <![CDATA[Start of Collection Module Validation...]]>
            </line>
            <line>
              <![CDATA[Navigate to Collection Module...]]>
            </line>
            <line>
              <![CDATA['Unlock' button found. Clicking to unlock...]]>
            </line>
            <line>
              <![CDATA['Details' button found. Clicking to proceed...]]>
            </line>
            <line>
              <![CDATA[Successfully clicked 'Details' button. Proceeding to the new tab...]]>
            </line>
            <line>
              <![CDATA[Test ID (COL01) Passed ]]>
            </line>
            <line>
              <![CDATA[Billing Period is Valid which is: Dec 16, 2024 - Dec 31, 2024]]>
            </line>
            <line>
              <![CDATA[Total Claims is Valid which is: 125]]>
            </line>
            <line>
              <![CDATA[Total Amount is Valid which is: PHP 1,250.00]]>
            </line>
          </reporter-output>
        </test-method> <!-- COL01 -->
        <test-method signature="COL02(java.lang.String)[pri:7, instance:AutomationTesting.BillingTestSuite16th@77888435]" started-at="2025-01-15T16:21:39 GMT+08:00" name="COL02" finished-at="2025-01-15T16:21:49 GMT+08:00" duration-ms="10114" status="PASS">
          <params>
            <param index="0">
              <value>
                <![CDATA[Dec 16, 2024 - Dec 31, 2024]]>
              </value>
            </param>
          </params>
          <reporter-output>
            <line>
              <![CDATA[Start of Test ID (COL02)]]>
            </line>
            <line>
              <![CDATA[Test ID (COL02) Passed ]]>
            </line>
            <line>
              <![CDATA[Billing Period is Valid which is: DEC 16, 2024 - DEC 31, 2024]]>
            </line>
          </reporter-output>
        </test-method> <!-- COL02 -->
        <test-method signature="COL03()[pri:8, instance:AutomationTesting.BillingTestSuite16th@77888435]" started-at="2025-01-15T16:21:49 GMT+08:00" name="COL03" finished-at="2025-01-15T16:21:52 GMT+08:00" duration-ms="3071" status="PASS">
          <reporter-output>
            <line>
              <![CDATA[Start of Test ID (COL03)]]>
            </line>
            <line>
              <![CDATA[Test ID (COL03) Passed ]]>
            </line>
            <line>
              <![CDATA[Current Balance is correct which is: Php 1,250.00]]>
            </line>
            <line>
              <![CDATA[End of Collection Module Validation]]>
            </line>
          </reporter-output>
        </test-method> <!-- COL03 -->
        <test-method signature="AR01(java.lang.String)[pri:9, instance:AutomationTesting.BillingTestSuite16th@77888435]" started-at="2025-01-15T16:21:52 GMT+08:00" name="AR01" finished-at="2025-01-15T16:22:02 GMT+08:00" duration-ms="9732" status="PASS">
          <params>
            <param index="0">
              <value>
                <![CDATA[Dec 31, 2024]]>
              </value>
            </param>
          </params>
          <reporter-output>
            <line>
              <![CDATA[Start of Test ID (AR01)]]>
            </line>
            <line>
              <![CDATA[Navigating to Account Receivable Module...]]>
            </line>
            <line>
              <![CDATA[Start of Account Receivable Module Validation...]]>
            </line>
            <line>
              <![CDATA[Test ID (AR01) Passed ]]>
            </line>
            <line>
              <![CDATA[Statement Date is correct which is: Dec 31, 2024]]>
            </line>
          </reporter-output>
        </test-method> <!-- AR01 -->
        <test-method signature="AR02(java.lang.String)[pri:10, instance:AutomationTesting.BillingTestSuite16th@77888435]" started-at="2025-01-15T16:22:02 GMT+08:00" name="AR02" finished-at="2025-01-15T16:22:02 GMT+08:00" duration-ms="19" status="PASS">
          <params>
            <param index="0">
              <value>
                <![CDATA[Dec 16, 2024 - Dec 31, 2024]]>
              </value>
            </param>
          </params>
          <reporter-output>
            <line>
              <![CDATA[Start of Test ID (AR02)]]>
            </line>
            <line>
              <![CDATA[Test ID (AR02) Passed ]]>
            </line>
            <line>
              <![CDATA[Billing Period is correct which is: Dec 16, 2024 - Dec 31, 2024]]>
            </line>
          </reporter-output>
        </test-method> <!-- AR02 -->
        <test-method signature="AR03()[pri:10, instance:AutomationTesting.BillingTestSuite16th@77888435]" started-at="2025-01-15T16:22:02 GMT+08:00" name="AR03" finished-at="2025-01-15T16:22:02 GMT+08:00" duration-ms="16" status="PASS">
          <reporter-output>
            <line>
              <![CDATA[Start of Test ID (AR03)]]>
            </line>
            <line>
              <![CDATA[Test ID (AR03) Passed ]]>
            </line>
            <line>
              <![CDATA[Total Amount in Billing : Php 1,250.00]]>
            </line>
            <line>
              <![CDATA[Total Amount in Account Receivable: Php 1,250.00]]>
            </line>
            <line>
              <![CDATA[End of Account Receivable Validation Php 1,250.00]]>
            </line>
          </reporter-output>
        </test-method> <!-- AR03 -->
        <test-method signature="SOA01(java.lang.String)[pri:11, instance:AutomationTesting.BillingTestSuite16th@77888435]" started-at="2025-01-15T16:22:02 GMT+08:00" name="SOA01" finished-at="2025-01-15T16:22:11 GMT+08:00" duration-ms="9631" status="FAIL">
          <params>
            <param index="0">
              <value>
                <![CDATA[Dec 16, 2024 - Dec 31, 2024]]>
              </value>
            </param>
          </params>
          <exception class="org.openqa.selenium.NoSuchElementException">
            <message>
              <![CDATA[no such element: Unable to locate element: {"method":"xpath","selector":"//td[@data-field='TotalAmountDue'][2]"}
  (Session info: chrome=131.0.6778.265)
For documentation on this error, please visit: https://www.selenium.dev/documentation/webdriver/troubleshooting/errors#no-such-element-exception
Build info: version: '4.27.0', revision: 'd6e718d'
System info: os.name: 'Windows 10', os.arch: 'amd64', os.version: '10.0', java.version: '23.0.1'
Driver info: org.openqa.selenium.chrome.ChromeDriver
Command: [0dc957aa945100a776d5cbaf29cd59bb, findElement {using=xpath, value=//td[@data-field='TotalAmountDue'][2]}]
Capabilities {acceptInsecureCerts: false, browserName: chrome, browserVersion: 131.0.6778.265, chrome: {chromedriverVersion: 131.0.6778.264 (2d05e315153..., userDataDir: C:\Users\pfeniza\AppData\Lo...}, fedcm:accounts: true, goog:chromeOptions: {debuggerAddress: localhost:50418}, networkConnectionEnabled: false, pageLoadStrategy: normal, platformName: windows, proxy: Proxy(), se:cdp: ws://localhost:50418/devtoo..., se:cdpVersion: 131.0.6778.265, setWindowRect: true, strictFileInteractability: false, timeouts: {implicit: 0, pageLoad: 300000, script: 30000}, unhandledPromptBehavior: dismiss and notify, webauthn:extension:credBlob: true, webauthn:extension:largeBlob: true, webauthn:extension:minPinLength: true, webauthn:extension:prf: true, webauthn:virtualAuthenticators: true}
Session ID: 0dc957aa945100a776d5cbaf29cd59bb]]>
            </message>
            <full-stacktrace>
              <![CDATA[org.openqa.selenium.NoSuchElementException: no such element: Unable to locate element: {"method":"xpath","selector":"//td[@data-field='TotalAmountDue'][2]"}
  (Session info: chrome=131.0.6778.265)
For documentation on this error, please visit: https://www.selenium.dev/documentation/webdriver/troubleshooting/errors#no-such-element-exception
Build info: version: '4.27.0', revision: 'd6e718d'
System info: os.name: 'Windows 10', os.arch: 'amd64', os.version: '10.0', java.version: '23.0.1'
Driver info: org.openqa.selenium.chrome.ChromeDriver
Command: [0dc957aa945100a776d5cbaf29cd59bb, findElement {using=xpath, value=//td[@data-field='TotalAmountDue'][2]}]
Capabilities {acceptInsecureCerts: false, browserName: chrome, browserVersion: 131.0.6778.265, chrome: {chromedriverVersion: 131.0.6778.264 (2d05e315153..., userDataDir: C:\Users\pfeniza\AppData\Lo...}, fedcm:accounts: true, goog:chromeOptions: {debuggerAddress: localhost:50418}, networkConnectionEnabled: false, pageLoadStrategy: normal, platformName: windows, proxy: Proxy(), se:cdp: ws://localhost:50418/devtoo..., se:cdpVersion: 131.0.6778.265, setWindowRect: true, strictFileInteractability: false, timeouts: {implicit: 0, pageLoad: 300000, script: 30000}, unhandledPromptBehavior: dismiss and notify, webauthn:extension:credBlob: true, webauthn:extension:largeBlob: true, webauthn:extension:minPinLength: true, webauthn:extension:prf: true, webauthn:virtualAuthenticators: true}
Session ID: 0dc957aa945100a776d5cbaf29cd59bb
at java.base/jdk.internal.reflect.DirectConstructorHandleAccessor.newInstance(DirectConstructorHandleAccessor.java:62)
at java.base/java.lang.reflect.Constructor.newInstanceWithCaller(Constructor.java:501)
at java.base/java.lang.reflect.Constructor.newInstance(Constructor.java:485)
at org.openqa.selenium.remote.ErrorCodec.decode(ErrorCodec.java:167)
at org.openqa.selenium.remote.codec.w3c.W3CHttpResponseCodec.decode(W3CHttpResponseCodec.java:138)
at org.openqa.selenium.remote.codec.w3c.W3CHttpResponseCodec.decode(W3CHttpResponseCodec.java:50)
at org.openqa.selenium.remote.HttpCommandExecutor.execute(HttpCommandExecutor.java:190)
at org.openqa.selenium.remote.service.DriverCommandExecutor.invokeExecute(DriverCommandExecutor.java:216)
at org.openqa.selenium.remote.service.DriverCommandExecutor.execute(DriverCommandExecutor.java:174)
at org.openqa.selenium.remote.RemoteWebDriver.execute(RemoteWebDriver.java:545)
at org.openqa.selenium.remote.ElementLocation$ElementFinder$2.findElement(ElementLocation.java:165)
at org.openqa.selenium.remote.ElementLocation.findElement(ElementLocation.java:59)
at org.openqa.selenium.remote.RemoteWebDriver.findElement(RemoteWebDriver.java:368)
at org.openqa.selenium.remote.RemoteWebDriver.findElement(RemoteWebDriver.java:362)
at AutomationTesting.BillingTestSuite16th.SOA01(BillingTestSuite16th.java:705)
at java.base/jdk.internal.reflect.DirectMethodHandleAccessor.invoke(DirectMethodHandleAccessor.java:103)
at java.base/java.lang.reflect.Method.invoke(Method.java:580)
at org.testng.internal.MethodInvocationHelper.invokeMethod(MethodInvocationHelper.java:133)
at org.testng.internal.TestInvoker.invokeMethod(TestInvoker.java:598)
at org.testng.internal.TestInvoker.invokeTestMethod(TestInvoker.java:173)
at org.testng.internal.MethodRunner.runInSequence(MethodRunner.java:46)
at org.testng.internal.TestInvoker$MethodInvocationAgent.invoke(TestInvoker.java:824)
at org.testng.internal.TestInvoker.invokeTestMethods(TestInvoker.java:146)
at org.testng.internal.TestMethodWorker.invokeTestMethods(TestMethodWorker.java:146)
at org.testng.internal.TestMethodWorker.run(TestMethodWorker.java:128)
at java.base/java.util.ArrayList.forEach(ArrayList.java:1597)
at org.testng.TestRunner.privateRun(TestRunner.java:794)
at org.testng.TestRunner.run(TestRunner.java:596)
at org.testng.SuiteRunner.runTest(SuiteRunner.java:377)
at org.testng.SuiteRunner.runSequentially(SuiteRunner.java:371)
at org.testng.SuiteRunner.privateRun(SuiteRunner.java:332)
at org.testng.SuiteRunner.run(SuiteRunner.java:276)
at org.testng.SuiteRunnerWorker.runSuite(SuiteRunnerWorker.java:53)
at org.testng.SuiteRunnerWorker.run(SuiteRunnerWorker.java:96)
at org.testng.TestNG.runSuitesSequentially(TestNG.java:1212)
at org.testng.TestNG.runSuitesLocally(TestNG.java:1134)
at org.testng.TestNG.runSuites(TestNG.java:1063)
at org.testng.TestNG.run(TestNG.java:1031)
at org.testng.remote.AbstractRemoteTestNG.run(AbstractRemoteTestNG.java:115)
at org.testng.remote.RemoteTestNG.initAndRun(RemoteTestNG.java:293)
at org.testng.remote.RemoteTestNG.main(RemoteTestNG.java:91)
]]>
            </full-stacktrace>
          </exception> <!-- org.openqa.selenium.NoSuchElementException -->
          <reporter-output>
            <line>
              <![CDATA[Start of Test ID (SOA01)]]>
            </line>
            <line>
              <![CDATA[Navigating to Statement of Account...]]>
            </line>
            <line>
              <![CDATA[Start of Statement of Account Validation...]]>
            </line>
          </reporter-output>
        </test-method> <!-- SOA01 -->
        <test-method signature="SOA02(java.lang.String)[pri:12, instance:AutomationTesting.BillingTestSuite16th@77888435]" started-at="2025-01-15T16:22:11 GMT+08:00" name="SOA02" finished-at="2025-01-15T16:22:11 GMT+08:00" duration-ms="18" status="PASS">
          <params>
            <param index="0">
              <value>
                <![CDATA[Jan 01, 2025]]>
              </value>
            </param>
          </params>
          <reporter-output>
            <line>
              <![CDATA[Start of Test ID (SOA02)]]>
            </line>
            <line>
              <![CDATA[Test ID (SOA02) Passed ]]>
            </line>
            <line>
              <![CDATA[Billing Date is correct which is: Jan 01, 2025]]>
            </line>
          </reporter-output>
        </test-method> <!-- SOA02 -->
        <test-method signature="SOA3()[pri:13, instance:AutomationTesting.BillingTestSuite16th@77888435]" started-at="2025-01-15T16:22:11 GMT+08:00" name="SOA3" finished-at="2025-01-15T16:22:11 GMT+08:00" duration-ms="17" status="PASS">
          <reporter-output>
            <line>
              <![CDATA[Start of Test ID (SOA03)]]>
            </line>
            <line>
              <![CDATA[Test ID (SOA03) Passed ]]>
            </line>
            <line>
              <![CDATA[Total Claims is correct which is: 125]]>
            </line>
          </reporter-output>
        </test-method> <!-- SOA3 -->
        <test-method signature="SOA4(java.lang.String)[pri:14, instance:AutomationTesting.BillingTestSuite16th@77888435]" started-at="2025-01-15T16:22:11 GMT+08:00" name="SOA4" finished-at="2025-01-15T16:22:21 GMT+08:00" duration-ms="9223" status="PASS">
          <params>
            <param index="0">
              <value>
                <![CDATA[Dec 16, 2024 - Dec 31, 2024]]>
              </value>
            </param>
          </params>
          <reporter-output>
            <line>
              <![CDATA[Start of Test ID (SOA04)]]>
            </line>
            <line>
              <![CDATA[Successfully navigated to the report page.]]>
            </line>
          </reporter-output>
        </test-method> <!-- SOA4 -->
        <test-method signature="SOA5(java.lang.String)[pri:15, instance:AutomationTesting.BillingTestSuite16th@77888435]" started-at="2025-01-15T16:22:21 GMT+08:00" name="SOA5" finished-at="2025-01-15T16:22:21 GMT+08:00" duration-ms="19" status="PASS">
          <params>
            <param index="0">
              <value>
                <![CDATA[Dec 16, 2024 - Dec 31, 2024]]>
              </value>
            </param>
          </params>
          <reporter-output>
            <line>
              <![CDATA[Start of Test ID (SOA05)]]>
            </line>
            <line>
              <![CDATA[Dec 16, 2024 - Dec 31, 2024]]>
            </line>
            <line>
              <![CDATA[Test ID (SOA05) Passed ]]>
            </line>
            <line>
              <![CDATA[Billing Period is valid which is: Dec 16, 2024 - Dec 31, 2024]]>
            </line>
          </reporter-output>
        </test-method> <!-- SOA5 -->
        <test-method signature="SOA6()[pri:16, instance:AutomationTesting.BillingTestSuite16th@77888435]" started-at="2025-01-15T16:22:21 GMT+08:00" name="SOA6" finished-at="2025-01-15T16:22:21 GMT+08:00" duration-ms="34" status="PASS">
          <reporter-output>
            <line>
              <![CDATA[Start of Test ID (SOA06)]]>
            </line>
            <line>
              <![CDATA[Test ID (SOA06) Passed ]]>
            </line>
            <line>
              <![CDATA[Total of Free trial claims: 0.0]]>
            </line>
            <line>
              <![CDATA[Total Claims without free trial: 125.0]]>
            </line>
            <line>
              <![CDATA[Total Claims that deducted free trial: 125]]>
            </line>
          </reporter-output>
        </test-method> <!-- SOA6 -->
        <test-method signature="SOA7()[pri:17, instance:AutomationTesting.BillingTestSuite16th@77888435]" started-at="2025-01-15T16:22:21 GMT+08:00" name="SOA7" finished-at="2025-01-15T16:22:21 GMT+08:00" duration-ms="18" status="PASS">
          <reporter-output>
            <line>
              <![CDATA[Start of Test ID (SOA07)]]>
            </line>
            <line>
              <![CDATA[Test ID (SOA07) Passed ]]>
            </line>
            <line>
              <![CDATA[Total Claims: 125.00]]>
            </line>
            <line>
              <![CDATA[Service Fee: 10.00]]>
            </line>
            <line>
              <![CDATA[Total Claims * Service Fee: ₱ 1,250.00]]>
            </line>
          </reporter-output>
        </test-method> <!-- SOA7 -->
        <test-method signature="SOA8()[pri:18, instance:AutomationTesting.BillingTestSuite16th@77888435]" started-at="2025-01-15T16:22:21 GMT+08:00" name="SOA8" finished-at="2025-01-15T16:22:21 GMT+08:00" duration-ms="19" status="PASS">
          <reporter-output>
            <line>
              <![CDATA[Start of Test ID (SOA08)]]>
            </line>
            <line>
              <![CDATA[Test ID (SOA08) Passed ]]>
            </line>
            <line>
              <![CDATA[Total Amount: 1250.0]]>
            </line>
            <line>
              <![CDATA[Total Amount / 1.12: ₱ 1,116.07]]>
            </line>
          </reporter-output>
        </test-method> <!-- SOA8 -->
        <test-method signature="SOA9()[pri:19, instance:AutomationTesting.BillingTestSuite16th@77888435]" started-at="2025-01-15T16:22:21 GMT+08:00" name="SOA9" finished-at="2025-01-15T16:22:21 GMT+08:00" duration-ms="17" status="PASS">
          <reporter-output>
            <line>
              <![CDATA[Start of Test ID (SOA09)]]>
            </line>
            <line>
              <![CDATA[Test ID (SOA09) Passed ]]>
            </line>
            <line>
              <![CDATA[Vatable Sales: 1116.07]]>
            </line>
            <line>
              <![CDATA[Vatable Sales * 0.12: ₱ 133.93]]>
            </line>
          </reporter-output>
        </test-method> <!-- SOA9 -->
        <test-method signature="SOA10()[pri:20, instance:AutomationTesting.BillingTestSuite16th@77888435]" started-at="2025-01-15T16:22:21 GMT+08:00" name="SOA10" finished-at="2025-01-15T16:22:21 GMT+08:00" duration-ms="16" status="PASS">
          <reporter-output>
            <line>
              <![CDATA[Start of Test ID (SOA10)]]>
            </line>
            <line>
              <![CDATA[Test ID (SOA10) Passed ]]>
            </line>
            <line>
              <![CDATA[Vatable Sales: ₱ 1,116.07]]>
            </line>
            <line>
              <![CDATA[Value Added Tax: ₱ 133.93]]>
            </line>
            <line>
              <![CDATA[Current Amount Due: ₱ 1,250.00]]>
            </line>
          </reporter-output>
        </test-method> <!-- SOA10 -->
        <test-method signature="SOA11()[pri:21, instance:AutomationTesting.BillingTestSuite16th@77888435]" started-at="2025-01-15T16:22:21 GMT+08:00" name="SOA11" finished-at="2025-01-15T16:22:21 GMT+08:00" duration-ms="20" status="PASS">
          <reporter-output>
            <line>
              <![CDATA[Start of Test ID (SOA11)]]>
            </line>
            <line>
              <![CDATA[Test ID (SOA11) Passed ]]>
            </line>
          </reporter-output>
        </test-method> <!-- SOA11 -->
        <test-method signature="SOA12()[pri:22, instance:AutomationTesting.BillingTestSuite16th@77888435]" started-at="2025-01-15T16:22:21 GMT+08:00" name="SOA12" finished-at="2025-01-15T16:22:21 GMT+08:00" duration-ms="1" status="FAIL">
          <exception class="java.lang.NullPointerException">
            <message>
              <![CDATA[Cannot invoke "String.replace(java.lang.CharSequence, java.lang.CharSequence)" because "this.amountDue" is null]]>
            </message>
            <full-stacktrace>
              <![CDATA[java.lang.NullPointerException: Cannot invoke "String.replace(java.lang.CharSequence, java.lang.CharSequence)" because "this.amountDue" is null
at AutomationTesting.BillingTestSuite16th.SOA12(BillingTestSuite16th.java:1024)
at java.base/jdk.internal.reflect.DirectMethodHandleAccessor.invoke(DirectMethodHandleAccessor.java:103)
at java.base/java.lang.reflect.Method.invoke(Method.java:580)
at org.testng.internal.MethodInvocationHelper.invokeMethod(MethodInvocationHelper.java:133)
at org.testng.internal.TestInvoker.invokeMethod(TestInvoker.java:598)
at org.testng.internal.TestInvoker.invokeTestMethod(TestInvoker.java:173)
at org.testng.internal.MethodRunner.runInSequence(MethodRunner.java:46)
at org.testng.internal.TestInvoker$MethodInvocationAgent.invoke(TestInvoker.java:824)
at org.testng.internal.TestInvoker.invokeTestMethods(TestInvoker.java:146)
at org.testng.internal.TestMethodWorker.invokeTestMethods(TestMethodWorker.java:146)
at org.testng.internal.TestMethodWorker.run(TestMethodWorker.java:128)
at java.base/java.util.ArrayList.forEach(ArrayList.java:1597)
at org.testng.TestRunner.privateRun(TestRunner.java:794)
at org.testng.TestRunner.run(TestRunner.java:596)
at org.testng.SuiteRunner.runTest(SuiteRunner.java:377)
at org.testng.SuiteRunner.runSequentially(SuiteRunner.java:371)
at org.testng.SuiteRunner.privateRun(SuiteRunner.java:332)
at org.testng.SuiteRunner.run(SuiteRunner.java:276)
at org.testng.SuiteRunnerWorker.runSuite(SuiteRunnerWorker.java:53)
at org.testng.SuiteRunnerWorker.run(SuiteRunnerWorker.java:96)
at org.testng.TestNG.runSuitesSequentially(TestNG.java:1212)
at org.testng.TestNG.runSuitesLocally(TestNG.java:1134)
at org.testng.TestNG.runSuites(TestNG.java:1063)
at org.testng.TestNG.run(TestNG.java:1031)
at org.testng.remote.AbstractRemoteTestNG.run(AbstractRemoteTestNG.java:115)
at org.testng.remote.RemoteTestNG.initAndRun(RemoteTestNG.java:293)
at org.testng.remote.RemoteTestNG.main(RemoteTestNG.java:91)
]]>
            </full-stacktrace>
          </exception> <!-- java.lang.NullPointerException -->
          <reporter-output>
            <line>
              <![CDATA[Start of Test ID (SOA12)]]>
            </line>
          </reporter-output>
        </test-method> <!-- SOA12 -->
        <test-method is-config="true" signature="tearDown()[pri:0, instance:AutomationTesting.BillingTestSuite16th@77888435]" started-at="2025-01-15T16:22:21 GMT+08:00" name="tearDown" finished-at="2025-01-15T16:22:21 GMT+08:00" duration-ms="207" status="PASS">
          <reporter-output>
          </reporter-output>
        </test-method> <!-- tearDown -->
      </class> <!-- AutomationTesting.BillingTestSuite16th -->
    </test> <!-- Billing Semi Monthly -->
  </suite> <!-- Billing Day Test Suite -->
</testng-results>
