<?xml version="1.0" encoding="UTF-8"?>
<!-- Generated by org.testng.reporters.JUnitXMLReporter -->
<testsuite ignored="0" hostname="ENIC-LDUERO" failures="2" tests="24" name="Billing Semi Monthly" time="114.47" errors="0" timestamp="2025-01-15T16:22:21 GMT+08:00">
  <testcase classname="AutomationTesting.BillingTestSuite16th" name="LI01" time="1.462"/>
  <testcase classname="AutomationTesting.BillingTestSuite16th" name="LI02" time="1.565"/>
  <testcase classname="AutomationTesting.BillingTestSuite16th" name="BIL01" time="24.961"/>
  <testcase classname="AutomationTesting.BillingTestSuite16th" name="BIL02" time="0.021"/>
  <testcase classname="AutomationTesting.BillingTestSuite16th" name="BIL03" time="0.071"/>
  <testcase classname="AutomationTesting.BillingTestSuite16th" name="BIL04" time="0.054"/>
  <testcase classname="AutomationTesting.BillingTestSuite16th" name="COL01" time="42.736"/>
  <testcase classname="AutomationTesting.BillingTestSuite16th" name="COL02" time="10.114"/>
  <testcase classname="AutomationTesting.BillingTestSuite16th" name="COL03" time="3.071"/>
  <testcase classname="AutomationTesting.BillingTestSuite16th" name="AR01" time="9.732"/>
  <testcase classname="AutomationTesting.BillingTestSuite16th" name="AR02" time="0.019"/>
  <testcase classname="AutomationTesting.BillingTestSuite16th" name="AR03" time="0.016"/>
  <testcase classname="AutomationTesting.BillingTestSuite16th" name="SOA01" time="9.631">
    <failure type="org.openqa.selenium.NoSuchElementException" message="no such element: Unable to locate element: {&amp;quot;method&amp;quot;:&amp;quot;xpath&amp;quot;,&amp;quot;selector&amp;quot;:&amp;quot;//td[@data-field=&amp;apos;TotalAmountDue&amp;apos;][2]&amp;quot;}
  (Session info: chrome=131.0.6778.265)
For documentation on this error, please visit: https://www.selenium.dev/documentation/webdriver/troubleshooting/errors#no-such-element-exception
Build info: version: &amp;apos;4.27.0&amp;apos;, revision: &amp;apos;d6e718d&amp;apos;
System info: os.name: &amp;apos;Windows 10&amp;apos;, os.arch: &amp;apos;amd64&amp;apos;, os.version: &amp;apos;10.0&amp;apos;, java.version: &amp;apos;23.0.1&amp;apos;
Driver info: org.openqa.selenium.chrome.ChromeDriver
Command: [0dc957aa945100a776d5cbaf29cd59bb, findElement {using=xpath, value=//td[@data-field=&amp;apos;TotalAmountDue&amp;apos;][2]}]
Capabilities {acceptInsecureCerts: false, browserName: chrome, browserVersion: 131.0.6778.265, chrome: {chromedriverVersion: 131.0.6778.264 (2d05e315153..., userDataDir: C:\Users\pfeniza\AppData\Lo...}, fedcm:accounts: true, goog:chromeOptions: {debuggerAddress: localhost:50418}, networkConnectionEnabled: false, pageLoadStrategy: normal, platformName: windows, proxy: Proxy(), se:cdp: ws://localhost:50418/devtoo..., se:cdpVersion: 131.0.6778.265, setWindowRect: true, strictFileInteractability: false, timeouts: {implicit: 0, pageLoad: 300000, script: 30000}, unhandledPromptBehavior: dismiss and notify, webauthn:extension:credBlob: true, webauthn:extension:largeBlob: true, webauthn:extension:minPinLength: true, webauthn:extension:prf: true, webauthn:virtualAuthenticators: true}
Session ID: 0dc957aa945100a776d5cbaf29cd59bb">
      <![CDATA[org.openqa.selenium.NoSuchElementException: no such element: Unable to locate element: {"method":"xpath","selector":"//td[@data-field='TotalAmountDue'][2]"}
  (Session info: chrome=131.0.6778.265)
For documentation on this error, please visit: https://www.selenium.dev/documentation/webdriver/troubleshooting/errors#no-such-element-exception
Build info: version: '4.27.0', revision: 'd6e718d'
System info: os.name: 'Windows 10', os.arch: 'amd64', os.version: '10.0', java.version: '23.0.1'
Driver info: org.openqa.selenium.chrome.ChromeDriver
Command: [0dc957aa945100a776d5cbaf29cd59bb, findElement {using=xpath, value=//td[@data-field='TotalAmountDue'][2]}]
Capabilities {acceptInsecureCerts: false, browserName: chrome, browserVersion: 131.0.6778.265, chrome: {chromedriverVersion: 131.0.6778.264 (2d05e315153..., userDataDir: C:\Users\pfeniza\AppData\Lo...}, fedcm:accounts: true, goog:chromeOptions: {debuggerAddress: localhost:50418}, networkConnectionEnabled: false, pageLoadStrategy: normal, platformName: windows, proxy: Proxy(), se:cdp: ws://localhost:50418/devtoo..., se:cdpVersion: 131.0.6778.265, setWindowRect: true, strictFileInteractability: false, timeouts: {implicit: 0, pageLoad: 300000, script: 30000}, unhandledPromptBehavior: dismiss and notify, webauthn:extension:credBlob: true, webauthn:extension:largeBlob: true, webauthn:extension:minPinLength: true, webauthn:extension:prf: true, webauthn:virtualAuthenticators: true}
Session ID: 0dc957aa945100a776d5cbaf29cd59bb
at org.openqa.selenium.remote.ErrorCodec.decode(ErrorCodec.java:167)
at org.openqa.selenium.remote.codec.w3c.W3CHttpResponseCodec.decode(W3CHttpResponseCodec.java:138)
at org.openqa.selenium.remote.codec.w3c.W3CHttpResponseCodec.decode(W3CHttpResponseCodec.java:50)
at org.openqa.selenium.remote.HttpCommandExecutor.execute(HttpCommandExecutor.java:190)
at org.openqa.selenium.remote.service.DriverCommandExecutor.invokeExecute(DriverCommandExecutor.java:216)
at org.openqa.selenium.remote.service.DriverCommandExecutor.execute(DriverCommandExecutor.java:174)
at org.openqa.selenium.remote.RemoteWebDriver.execute(RemoteWebDriver.java:545)
at org.openqa.selenium.remote.ElementLocation$ElementFinder$2.findElement(ElementLocation.java:165)
at org.openqa.selenium.remote.ElementLocation.findElement(ElementLocation.java:59)
at org.openqa.selenium.remote.RemoteWebDriver.findElement(RemoteWebDriver.java:368)
at org.openqa.selenium.remote.RemoteWebDriver.findElement(RemoteWebDriver.java:362)
at AutomationTesting.BillingTestSuite16th.SOA01(BillingTestSuite16th.java:705)
at java.base/java.util.ArrayList.forEach(ArrayList.java:1597)
... Removed 28 stack frames]]>
    </failure>
  </testcase> <!-- SOA01 -->
  <testcase classname="AutomationTesting.BillingTestSuite16th" name="SOA02" time="0.018"/>
  <testcase classname="AutomationTesting.BillingTestSuite16th" name="SOA3" time="0.017"/>
  <testcase classname="AutomationTesting.BillingTestSuite16th" name="SOA4" time="9.223"/>
  <testcase classname="AutomationTesting.BillingTestSuite16th" name="SOA5" time="0.019"/>
  <testcase classname="AutomationTesting.BillingTestSuite16th" name="SOA6" time="0.034"/>
  <testcase classname="AutomationTesting.BillingTestSuite16th" name="SOA7" time="0.018"/>
  <testcase classname="AutomationTesting.BillingTestSuite16th" name="SOA8" time="0.019"/>
  <testcase classname="AutomationTesting.BillingTestSuite16th" name="SOA9" time="0.017"/>
  <testcase classname="AutomationTesting.BillingTestSuite16th" name="SOA10" time="0.016"/>
  <testcase classname="AutomationTesting.BillingTestSuite16th" name="SOA11" time="0.02"/>
  <testcase classname="AutomationTesting.BillingTestSuite16th" name="SOA12" time="0.001">
    <failure type="java.lang.NullPointerException" message="Cannot invoke &amp;quot;String.replace(java.lang.CharSequence, java.lang.CharSequence)&amp;quot; because &amp;quot;this.amountDue&amp;quot; is null">
      <![CDATA[java.lang.NullPointerException: Cannot invoke "String.replace(java.lang.CharSequence, java.lang.CharSequence)" because "this.amountDue" is null
at AutomationTesting.BillingTestSuite16th.SOA12(BillingTestSuite16th.java:1024)
at java.base/java.util.ArrayList.forEach(ArrayList.java:1597)
... Removed 25 stack frames]]>
    </failure>
  </testcase> <!-- SOA12 -->
</testsuite> <!-- Billing Semi Monthly -->
